2015-10-27 11:16:45 - PHP Warning:  sprintf() [<a href='function.sprintf'>function.sprintf</a>]: Too few arguments in /var/www/developer/data/www/t-leader.ru/alex/demo2101/catalog/controller/checkout/success.php on line 72
2015-10-27 11:21:12 - PHP Warning:  sprintf() [<a href='function.sprintf'>function.sprintf</a>]: Too few arguments in /var/www/developer/data/www/t-leader.ru/alex/demo2101/catalog/controller/checkout/success.php on line 72
2015-10-27 11:23:59 - PHP Notice:  Indirect modification of overloaded property ControllerCheckoutSuccess::$data has no effect in /var/www/developer/data/www/t-leader.ru/alex/demo2101/catalog/controller/checkout/success.php on line 72
2015-10-27 11:23:59 - PHP Notice:  Undefined variable: text_message in /var/www/developer/data/www/t-leader.ru/alex/demo2101/catalog/view/theme/default/template/common/success.tpl on line 18
2015-10-27 11:24:04 - PHP Notice:  Indirect modification of overloaded property ControllerCheckoutSuccess::$data has no effect in /var/www/developer/data/www/t-leader.ru/alex/demo2101/catalog/controller/checkout/success.php on line 72
2015-10-27 11:24:04 - PHP Notice:  Undefined variable: text_message in /var/www/developer/data/www/t-leader.ru/alex/demo2101/catalog/view/theme/default/template/common/success.tpl on line 18
2015-10-27 11:24:14 - PHP Warning:  sprintf() [<a href='function.sprintf'>function.sprintf</a>]: Too few arguments in /var/www/developer/data/www/t-leader.ru/alex/demo2101/catalog/controller/checkout/success.php on line 72
2015-10-27 11:27:21 - PHP Warning:  sprintf() [<a href='function.sprintf'>function.sprintf</a>]: Too few arguments in /var/www/developer/data/www/t-leader.ru/alex/demo2101/catalog/controller/checkout/success.php on line 72
2015-10-27 12:15:02 - PHP Warning:  sprintf() [<a href='function.sprintf'>function.sprintf</a>]: Too few arguments in /var/www/developer/data/www/t-leader.ru/alex/demo2101/catalog/controller/checkout/success.php on line 72
2015-10-27 12:21:08 - PHP Warning:  sprintf() [<a href='function.sprintf'>function.sprintf</a>]: Too few arguments in /var/www/developer/data/www/t-leader.ru/alex/demo2101/catalog/controller/checkout/success.php on line 72
2015-10-27 12:21:11 - PHP Warning:  sprintf() [<a href='function.sprintf'>function.sprintf</a>]: Too few arguments in /var/www/developer/data/www/t-leader.ru/alex/demo2101/catalog/controller/checkout/success.php on line 72
2015-10-27 12:22:02 - PHP Warning:  sprintf() [<a href='function.sprintf'>function.sprintf</a>]: Too few arguments in /var/www/developer/data/www/t-leader.ru/alex/demo2101/catalog/controller/checkout/success.php on line 72
2015-10-27 12:23:03 - PHP Notice:  Undefined variable: text_message in /var/www/developer/data/www/t-leader.ru/alex/demo2101/catalog/view/theme/default/template/common/success.tpl on line 18
2015-10-27 12:25:11 - PHP Notice:  Undefined variable: text_message in /var/www/developer/data/www/t-leader.ru/alex/demo2101/catalog/view/theme/default/template/common/success.tpl on line 18
2015-10-27 12:25:30 - PHP Notice:  Undefined variable: text_message in /var/www/developer/data/www/t-leader.ru/alex/demo2101/catalog/view/theme/default/template/common/success.tpl on line 18
2015-10-27 12:26:14 - PHP Notice:  Use of undefined constant php - assumed 'php' in /var/www/developer/data/www/t-leader.ru/alex/demo2101/catalog/view/theme/default/template/common/success.tpl on line 18
2015-10-27 12:28:45 - PHP Warning:  sprintf() [<a href='function.sprintf'>function.sprintf</a>]: Too few arguments in /var/www/developer/data/www/t-leader.ru/alex/demo2101/catalog/controller/account/success.php on line 32
2016-06-28 16:57:07 - PHP Warning:  mail(): Failed to connect to mailserver at &quot;localhost&quot; port 25, verify your &quot;SMTP&quot; and &quot;smtp_port&quot; setting in php.ini or use ini_set() in D:\xampp\htdocs\opencart\system\library\mail.php on line 164
2016-06-28 16:59:17 - PHP Warning:  mail(): Failed to connect to mailserver at &quot;localhost&quot; port 25, verify your &quot;SMTP&quot; and &quot;smtp_port&quot; setting in php.ini or use ini_set() in D:\xampp\htdocs\opencart\system\library\mail.php on line 164
2016-06-28 17:01:18 - PHP Warning:  mail(): Failed to connect to mailserver at &quot;localhost&quot; port 25, verify your &quot;SMTP&quot; and &quot;smtp_port&quot; setting in php.ini or use ini_set() in D:\xampp\htdocs\opencart\system\library\mail.php on line 164
2016-06-29 19:03:11 - PHP Warning:  mail(): Failed to connect to mailserver at &quot;localhost&quot; port 25, verify your &quot;SMTP&quot; and &quot;smtp_port&quot; setting in php.ini or use ini_set() in D:\xampp\htdocs\opencart\system\library\mail.php on line 164
2016-06-29 19:42:41 - PHP Notice:  Undefined index: latest in D:\xampp\htdocs\opencart\catalog\view\theme\default\template\module\featured.tpl on line 25
2016-06-29 19:42:41 - PHP Notice:  Undefined index: latest in D:\xampp\htdocs\opencart\catalog\view\theme\default\template\module\featured.tpl on line 25
2016-06-29 19:55:41 - PHP Warning:  Invalid argument supplied for foreach() in D:\xampp\htdocs\opencart\admin\controller\module\featured.php on line 124
2016-06-29 19:57:19 - PHP Warning:  Invalid argument supplied for foreach() in D:\xampp\htdocs\opencart\admin\controller\module\featured.php on line 124
2016-06-29 19:57:43 - PHP Warning:  Invalid argument supplied for foreach() in D:\xampp\htdocs\opencart\admin\controller\module\featured.php on line 124
2016-06-29 20:23:55 - PHP Notice:  Undefined variable: class in D:\xampp\htdocs\opencart\catalog\view\theme\default\template\common\home.tpl on line 76
2016-06-29 20:27:09 - PHP Warning:  mail(): Failed to connect to mailserver at &quot;localhost&quot; port 25, verify your &quot;SMTP&quot; and &quot;smtp_port&quot; setting in php.ini or use ini_set() in D:\xampp\htdocs\opencart\system\library\mail.php on line 164
2016-07-04 10:27:47 - PHP Warning:  mail(): Failed to connect to mailserver at &quot;localhost&quot; port 25, verify your &quot;SMTP&quot; and &quot;smtp_port&quot; setting in php.ini or use ini_set() in D:\xampp\htdocs\opencart\system\library\mail.php on line 164
2016-07-04 10:29:11 - PHP Warning:  mail(): Failed to connect to mailserver at &quot;localhost&quot; port 25, verify your &quot;SMTP&quot; and &quot;smtp_port&quot; setting in php.ini or use ini_set() in D:\xampp\htdocs\opencart\system\library\mail.php on line 164
2016-07-04 10:39:48 - PHP Warning:  mail(): Failed to connect to mailserver at &quot;localhost&quot; port 25, verify your &quot;SMTP&quot; and &quot;smtp_port&quot; setting in php.ini or use ini_set() in D:\xampp\htdocs\opencart\system\library\mail.php on line 164
2016-07-04 11:14:34 - PHP Warning:  mail(): Failed to connect to mailserver at &quot;localhost&quot; port 25, verify your &quot;SMTP&quot; and &quot;smtp_port&quot; setting in php.ini or use ini_set() in D:\xampp\htdocs\opencart\system\library\mail.php on line 164
2016-07-04 11:46:24 - PHP Warning:  mail(): Failed to connect to mailserver at &quot;localhost&quot; port 25, verify your &quot;SMTP&quot; and &quot;smtp_port&quot; setting in php.ini or use ini_set() in D:\xampp\htdocs\opencart\system\library\mail.php on line 164
2016-07-04 11:49:27 - PHP Warning:  mail(): Failed to connect to mailserver at &quot;localhost&quot; port 25, verify your &quot;SMTP&quot; and &quot;smtp_port&quot; setting in php.ini or use ini_set() in D:\xampp\htdocs\opencart\system\library\mail.php on line 164
2016-07-04 12:45:22 - PHP Warning:  mail(): Failed to connect to mailserver at &quot;localhost&quot; port 25, verify your &quot;SMTP&quot; and &quot;smtp_port&quot; setting in php.ini or use ini_set() in D:\xampp\htdocs\opencart\system\library\mail.php on line 164
2016-07-05 6:06:46 - PHP Warning:  mail(): Failed to connect to mailserver at &quot;localhost&quot; port 25, verify your &quot;SMTP&quot; and &quot;smtp_port&quot; setting in php.ini or use ini_set() in D:\xampp\htdocs\opencart\system\library\mail.php on line 164
2016-07-05 8:07:59 - PHP Notice:  Undefined variable: cart in D:\xampp\htdocs\opencart\catalog\view\theme\default\template\common\datesdecor.tpl on line 21
2016-07-05 8:09:20 - PHP Notice:  Undefined variable: cart in D:\xampp\htdocs\opencart\catalog\view\theme\default\template\common\datesdecor.tpl on line 21
2016-07-05 8:09:33 - PHP Notice:  Undefined variable: cart in D:\xampp\htdocs\opencart\catalog\view\theme\default\template\common\datesdecor.tpl on line 21
2016-07-05 8:10:25 - PHP Notice:  Undefined variable: cart in D:\xampp\htdocs\opencart\catalog\view\theme\default\template\common\datesdecor.tpl on line 21
2016-07-05 8:12:09 - PHP Notice:  Undefined variable: cart in D:\xampp\htdocs\opencart\catalog\view\theme\default\template\common\datesdecor.tpl on line 21
2016-07-05 8:12:52 - PHP Notice:  Undefined variable: cart in D:\xampp\htdocs\opencart\catalog\view\theme\default\template\common\datesdecor.tpl on line 22
2016-07-05 8:15:52 - PHP Notice:  Undefined variable: cart in D:\xampp\htdocs\opencart\catalog\view\theme\default\template\common\datesdecor.tpl on line 22
2016-07-05 8:18:01 - PHP Notice:  Undefined variable: cart in D:\xampp\htdocs\opencart\catalog\view\theme\default\template\common\datesdecor.tpl on line 12
2016-07-05 8:18:22 - PHP Notice:  Undefined variable: cart in D:\xampp\htdocs\opencart\catalog\view\theme\default\template\common\datesdecor.tpl on line 22
2016-07-05 8:19:00 - PHP Notice:  Undefined variable: cart in D:\xampp\htdocs\opencart\catalog\view\theme\default\template\common\datesdecor.tpl on line 22
2016-07-05 8:19:06 - PHP Notice:  Undefined variable: cart in D:\xampp\htdocs\opencart\catalog\view\theme\default\template\common\datesdecor.tpl on line 22
2016-07-05 8:20:00 - PHP Notice:  Undefined variable: cart in D:\xampp\htdocs\opencart\catalog\view\theme\default\template\common\datesdecor.tpl on line 20
2016-07-05 8:20:56 - PHP Notice:  Undefined variable: cart in D:\xampp\htdocs\opencart\catalog\view\theme\default\template\common\datesdecor.tpl on line 17
2016-07-05 8:20:56 - PHP Notice:  Undefined variable: cart in D:\xampp\htdocs\opencart\catalog\view\theme\default\template\common\datesdecor.tpl on line 28
2016-07-05 8:21:05 - PHP Notice:  Undefined variable: cart in D:\xampp\htdocs\opencart\catalog\view\theme\default\template\common\datesdecor.tpl on line 21
2016-07-05 8:21:17 - PHP Notice:  Undefined variable: cart in D:\xampp\htdocs\opencart\catalog\view\theme\default\template\common\datesdecor.tpl on line 21
2016-07-05 8:22:04 - PHP Notice:  Undefined variable: cart in D:\xampp\htdocs\opencart\catalog\view\theme\default\template\common\datesdecor.tpl on line 21
2016-07-05 8:22:15 - PHP Notice:  Undefined variable: cart in D:\xampp\htdocs\opencart\catalog\view\theme\default\template\common\datesdecor.tpl on line 21
2016-07-05 8:22:27 - PHP Notice:  Undefined variable: cart in D:\xampp\htdocs\opencart\catalog\view\theme\default\template\common\datesdecor.tpl on line 21
2016-07-05 8:22:32 - PHP Notice:  Undefined variable: cart in D:\xampp\htdocs\opencart\catalog\view\theme\default\template\common\datesdecor.tpl on line 21
2016-07-05 8:22:49 - PHP Notice:  Undefined variable: cart in D:\xampp\htdocs\opencart\catalog\view\theme\default\template\common\datesdecor.tpl on line 16
2016-07-05 8:23:30 - PHP Notice:  Undefined variable: cart in D:\xampp\htdocs\opencart\catalog\view\theme\default\template\common\datesdecor.tpl on line 16
2016-07-05 8:24:02 - PHP Notice:  Undefined variable: cart in D:\xampp\htdocs\opencart\catalog\view\theme\default\template\common\datesdecor.tpl on line 16
2016-07-05 8:24:49 - PHP Notice:  Undefined variable: cart in D:\xampp\htdocs\opencart\catalog\view\theme\default\template\common\datesdecor.tpl on line 16
2016-07-05 8:25:39 - PHP Notice:  Undefined variable: cart in D:\xampp\htdocs\opencart\catalog\view\theme\default\template\common\datesdecor.tpl on line 16
2016-07-05 8:25:50 - PHP Notice:  Undefined variable: cart in D:\xampp\htdocs\opencart\catalog\view\theme\default\template\common\datesdecor.tpl on line 16
2016-07-05 8:26:05 - PHP Notice:  Undefined variable: cart in D:\xampp\htdocs\opencart\catalog\view\theme\default\template\common\datesdecor.tpl on line 16
2016-07-05 8:26:25 - PHP Notice:  Undefined variable: cart in D:\xampp\htdocs\opencart\catalog\view\theme\default\template\common\datesdecor.tpl on line 16
2016-07-05 8:26:32 - PHP Notice:  Undefined variable: cart in D:\xampp\htdocs\opencart\catalog\view\theme\default\template\common\datesdecor.tpl on line 16
2016-07-05 8:28:24 - PHP Notice:  Undefined variable: cart in D:\xampp\htdocs\opencart\catalog\view\theme\default\template\common\datesdecor.tpl on line 16
2016-07-05 8:28:39 - PHP Notice:  Undefined variable: cart in D:\xampp\htdocs\opencart\catalog\view\theme\default\template\common\datesdecor.tpl on line 16
2016-07-05 8:28:50 - PHP Notice:  Undefined variable: cart in D:\xampp\htdocs\opencart\catalog\view\theme\default\template\common\datesdecor.tpl on line 16
2016-07-05 8:29:50 - PHP Notice:  Undefined variable: cart in D:\xampp\htdocs\opencart\catalog\view\theme\default\template\common\datesdecor.tpl on line 16
2016-07-05 8:32:05 - PHP Notice:  Undefined variable: cart in D:\xampp\htdocs\opencart\catalog\view\theme\default\template\common\datesdecor.tpl on line 16
2016-07-05 8:32:18 - PHP Notice:  Undefined variable: cart in D:\xampp\htdocs\opencart\catalog\view\theme\default\template\common\datesdecor.tpl on line 16
2016-07-05 8:32:49 - PHP Notice:  Undefined variable: cart in D:\xampp\htdocs\opencart\catalog\view\theme\default\template\common\datesdecor.tpl on line 16
2016-07-05 8:32:54 - PHP Notice:  Undefined variable: cart in D:\xampp\htdocs\opencart\catalog\view\theme\default\template\common\datesdecor.tpl on line 16
2016-07-05 8:34:06 - PHP Notice:  Undefined variable: cart in D:\xampp\htdocs\opencart\catalog\view\theme\default\template\common\datesdecor.tpl on line 16
2016-07-05 8:34:14 - PHP Notice:  Undefined variable: cart in D:\xampp\htdocs\opencart\catalog\view\theme\default\template\common\datesdecor.tpl on line 16
2016-07-05 8:34:23 - PHP Notice:  Undefined variable: cart in D:\xampp\htdocs\opencart\catalog\view\theme\default\template\common\datesdecor.tpl on line 16
2016-07-05 8:35:42 - PHP Notice:  Undefined variable: cart in D:\xampp\htdocs\opencart\catalog\view\theme\default\template\common\datesdecor.tpl on line 16
2016-07-05 8:35:46 - PHP Notice:  Undefined variable: cart in D:\xampp\htdocs\opencart\catalog\view\theme\default\template\common\datesdecor.tpl on line 16
2016-07-05 8:36:15 - PHP Notice:  Undefined variable: cart in D:\xampp\htdocs\opencart\catalog\view\theme\default\template\common\datesdecor.tpl on line 16
2016-07-05 8:36:36 - PHP Notice:  Undefined variable: cart in D:\xampp\htdocs\opencart\catalog\view\theme\default\template\common\datesdecor.tpl on line 16
2016-07-05 8:36:43 - PHP Notice:  Undefined variable: cart in D:\xampp\htdocs\opencart\catalog\view\theme\default\template\common\datesdecor.tpl on line 16
2016-07-05 8:36:46 - PHP Notice:  Undefined variable: cart in D:\xampp\htdocs\opencart\catalog\view\theme\default\template\common\datesdecor.tpl on line 16
2016-07-05 8:36:51 - PHP Notice:  Undefined variable: cart in D:\xampp\htdocs\opencart\catalog\view\theme\default\template\common\datesdecor.tpl on line 16
2016-07-05 8:37:32 - PHP Notice:  Undefined variable: cart in D:\xampp\htdocs\opencart\catalog\view\theme\default\template\common\datesdecor.tpl on line 16
2016-07-05 8:37:38 - PHP Notice:  Undefined variable: cart in D:\xampp\htdocs\opencart\catalog\view\theme\default\template\common\datesdecor.tpl on line 16
2016-07-05 8:40:42 - PHP Notice:  Undefined variable: cart in D:\xampp\htdocs\opencart\catalog\view\theme\default\template\common\datesdecor.tpl on line 16
2016-07-05 8:40:45 - PHP Notice:  Undefined variable: cart in D:\xampp\htdocs\opencart\catalog\view\theme\default\template\common\datesdecor.tpl on line 16
2016-07-05 8:43:10 - PHP Notice:  Undefined variable: cart in D:\xampp\htdocs\opencart\catalog\view\theme\default\template\common\datesdecor.tpl on line 16
2016-07-05 8:43:13 - PHP Notice:  Undefined variable: cart in D:\xampp\htdocs\opencart\catalog\view\theme\default\template\common\datesdecor.tpl on line 16
2016-07-05 8:44:45 - PHP Notice:  Undefined variable: cart in D:\xampp\htdocs\opencart\catalog\view\theme\default\template\common\datesdecor.tpl on line 16
2016-07-05 8:45:43 - PHP Notice:  Undefined variable: cart in D:\xampp\htdocs\opencart\catalog\view\theme\default\template\common\datesdecor.tpl on line 16
2016-07-05 8:45:51 - PHP Notice:  Undefined variable: cart in D:\xampp\htdocs\opencart\catalog\view\theme\default\template\common\datesdecor.tpl on line 16
2016-07-05 8:49:38 - PHP Warning:  mail(): Failed to connect to mailserver at &quot;localhost&quot; port 25, verify your &quot;SMTP&quot; and &quot;smtp_port&quot; setting in php.ini or use ini_set() in D:\xampp\htdocs\opencart\system\library\mail.php on line 164
2016-07-05 8:50:12 - PHP Notice:  Undefined variable: cart in D:\xampp\htdocs\opencart\catalog\view\theme\default\template\common\datesdecor.tpl on line 16
2016-07-05 9:45:45 - PHP Notice:  Undefined variable: cart in D:\xampp\htdocs\opencart\catalog\view\theme\default\template\common\datesdecor.tpl on line 16
2016-07-05 10:33:36 - PHP Notice:  Undefined variable: cart in D:\xampp\htdocs\opencart\catalog\view\theme\default\template\common\datesdecor.tpl on line 16
2016-07-05 10:36:40 - PHP Notice:  Undefined variable: cart in D:\xampp\htdocs\opencart\catalog\view\theme\default\template\common\datesdecor.tpl on line 16
2016-07-05 10:37:31 - PHP Warning:  mail(): Failed to connect to mailserver at &quot;localhost&quot; port 25, verify your &quot;SMTP&quot; and &quot;smtp_port&quot; setting in php.ini or use ini_set() in D:\xampp\htdocs\opencart\system\library\mail.php on line 164
2016-07-05 10:40:47 - PHP Notice:  Undefined variable: cart in D:\xampp\htdocs\opencart\catalog\view\theme\default\template\common\datesdecor.tpl on line 16
2016-07-05 10:42:09 - PHP Notice:  Undefined variable: cart in D:\xampp\htdocs\opencart\catalog\view\theme\default\template\common\datesdecor.tpl on line 16
2016-07-05 11:35:04 - PHP Warning:  mail(): Failed to connect to mailserver at &quot;localhost&quot; port 25, verify your &quot;SMTP&quot; and &quot;smtp_port&quot; setting in php.ini or use ini_set() in D:\xampp\htdocs\opencart\system\library\mail.php on line 164
2016-07-05 12:15:19 - PHP Notice:  Undefined variable: cart in D:\xampp\htdocs\opencart\catalog\view\theme\default\template\common\datesdecor.tpl on line 16
2016-07-05 13:24:01 - PHP Notice:  Undefined variable: cart in D:\xampp\htdocs\opencart\catalog\view\theme\default\template\common\datesdecor.tpl on line 16
2016-07-05 13:30:27 - PHP Notice:  Undefined variable: cart in D:\xampp\htdocs\opencart\catalog\view\theme\default\template\common\datesdecor.tpl on line 16
2016-07-05 13:30:50 - PHP Notice:  Undefined variable: cart in D:\xampp\htdocs\opencart\catalog\view\theme\default\template\common\datesdecor.tpl on line 16
2016-07-05 13:46:15 - PHP Notice:  Undefined variable: cart in D:\xampp\htdocs\opencart\catalog\view\theme\default\template\common\datesdecor.tpl on line 16
2016-07-05 13:54:46 - PHP Notice:  Undefined variable: cart in D:\xampp\htdocs\opencart\catalog\view\theme\default\template\common\datesdecor.tpl on line 16
2016-07-05 13:58:55 - PHP Warning:  mail(): Failed to connect to mailserver at &quot;localhost&quot; port 25, verify your &quot;SMTP&quot; and &quot;smtp_port&quot; setting in php.ini or use ini_set() in D:\xampp\htdocs\opencart\system\library\mail.php on line 164
2016-07-07 4:44:49 - PHP Notice:  Undefined variable: cart in D:\xampp\htdocs\opencart\catalog\view\theme\default\template\common\datesdecor.tpl on line 16
2016-07-07 4:45:10 - PHP Notice:  Undefined variable: cart in D:\xampp\htdocs\opencart\catalog\view\theme\default\template\common\datesdecor.tpl on line 16
2016-07-07 5:07:14 - PHP Notice:  Undefined variable: cart in D:\xampp\htdocs\opencart\catalog\view\theme\default\template\common\datesdecor.tpl on line 16
2016-07-07 5:33:43 - PHP Notice:  Undefined variable: cart in D:\xampp\htdocs\opencart\catalog\view\theme\default\template\common\datesdecor.tpl on line 16
2016-07-07 5:46:18 - PHP Notice:  Undefined variable: cart in D:\xampp\htdocs\opencart\catalog\view\theme\default\template\common\datesdecor.tpl on line 17
2016-07-07 5:46:25 - PHP Notice:  Undefined variable: cart in D:\xampp\htdocs\opencart\catalog\view\theme\default\template\common\datesdecor.tpl on line 17
2016-07-07 5:46:58 - PHP Notice:  Undefined variable: cart in D:\xampp\htdocs\opencart\catalog\view\theme\default\template\common\datesdecor.tpl on line 17
2016-07-07 5:47:02 - PHP Notice:  Undefined variable: cart in D:\xampp\htdocs\opencart\catalog\view\theme\default\template\common\datesdecor.tpl on line 17
2016-07-07 5:47:05 - PHP Notice:  Undefined variable: cart in D:\xampp\htdocs\opencart\catalog\view\theme\default\template\common\datesdecor.tpl on line 17
2016-07-07 5:47:09 - PHP Notice:  Undefined variable: cart in D:\xampp\htdocs\opencart\catalog\view\theme\default\template\common\datesdecor.tpl on line 17
2016-07-07 5:56:05 - PHP Notice:  Undefined variable: cart in D:\xampp\htdocs\opencart\catalog\view\theme\default\template\common\datesdecor.tpl on line 17
2016-07-07 5:56:15 - PHP Notice:  Undefined variable: cart in D:\xampp\htdocs\opencart\catalog\view\theme\default\template\common\datesdecor.tpl on line 17
2016-07-07 5:56:24 - PHP Notice:  Undefined variable: cart in D:\xampp\htdocs\opencart\catalog\view\theme\default\template\common\datesdecor.tpl on line 17
2016-07-07 6:50:05 - PHP Notice:  Undefined variable: cart in D:\xampp\htdocs\opencart\catalog\view\theme\default\template\common\datesdecor.tpl on line 14
2016-07-07 7:00:53 - PHP Notice:  Undefined variable: cart in D:\xampp\htdocs\opencart\catalog\view\theme\default\template\common\datesdecor.tpl on line 14
2016-07-07 7:06:21 - PHP Warning:  mail(): Failed to connect to mailserver at &quot;localhost&quot; port 25, verify your &quot;SMTP&quot; and &quot;smtp_port&quot; setting in php.ini or use ini_set() in D:\xampp\htdocs\opencart\system\library\mail.php on line 164
2016-07-07 7:40:26 - PHP Notice:  Undefined variable: cart in D:\xampp\htdocs\opencart\catalog\view\theme\default\template\common\datesdecor.tpl on line 14
2016-07-07 8:15:47 - PHP Warning:  mail(): Failed to connect to mailserver at &quot;localhost&quot; port 25, verify your &quot;SMTP&quot; and &quot;smtp_port&quot; setting in php.ini or use ini_set() in D:\xampp\htdocs\opencart\system\library\mail.php on line 164
2016-07-07 8:15:48 - PHP Warning:  mail(): Failed to connect to mailserver at &quot;localhost&quot; port 25, verify your &quot;SMTP&quot; and &quot;smtp_port&quot; setting in php.ini or use ini_set() in D:\xampp\htdocs\opencart\system\library\mail.php on line 164
2016-07-07 8:19:12 - PHP Notice:  Undefined variable: cart in D:\xampp\htdocs\opencart\catalog\view\theme\default\template\common\datesdecor.tpl on line 14
2016-07-07 9:04:56 - PHP Warning:  mail(): Failed to connect to mailserver at &quot;localhost&quot; port 25, verify your &quot;SMTP&quot; and &quot;smtp_port&quot; setting in php.ini or use ini_set() in D:\xampp\htdocs\opencart\system\library\mail.php on line 164
2016-07-07 9:04:57 - PHP Warning:  mail(): Failed to connect to mailserver at &quot;localhost&quot; port 25, verify your &quot;SMTP&quot; and &quot;smtp_port&quot; setting in php.ini or use ini_set() in D:\xampp\htdocs\opencart\system\library\mail.php on line 164
2016-07-07 12:09:06 - PHP Warning:  mail(): Failed to connect to mailserver at &quot;localhost&quot; port 25, verify your &quot;SMTP&quot; and &quot;smtp_port&quot; setting in php.ini or use ini_set() in D:\xampp\htdocs\opencart\system\library\mail.php on line 164
2016-07-07 12:09:07 - PHP Warning:  mail(): Failed to connect to mailserver at &quot;localhost&quot; port 25, verify your &quot;SMTP&quot; and &quot;smtp_port&quot; setting in php.ini or use ini_set() in D:\xampp\htdocs\opencart\system\library\mail.php on line 164
2016-07-07 13:24:33 - PHP Notice:  Undefined variable: cart in D:\xampp\htdocs\opencart\catalog\view\theme\default\template\common\datesdecor.tpl on line 14
2016-07-07 13:27:19 - PHP Notice:  Undefined variable: cart in D:\xampp\htdocs\opencart\catalog\view\theme\default\template\common\datesdecor.tpl on line 14
2016-07-07 13:44:49 - PHP Notice:  Undefined variable: cart in D:\xampp\htdocs\opencart\catalog\view\theme\default\template\common\datesdecor.tpl on line 14
2016-07-07 13:57:59 - PHP Warning:  mail(): Failed to connect to mailserver at &quot;localhost&quot; port 25, verify your &quot;SMTP&quot; and &quot;smtp_port&quot; setting in php.ini or use ini_set() in D:\xampp\htdocs\opencart\system\library\mail.php on line 164
2016-07-07 13:58:00 - PHP Warning:  mail(): Failed to connect to mailserver at &quot;localhost&quot; port 25, verify your &quot;SMTP&quot; and &quot;smtp_port&quot; setting in php.ini or use ini_set() in D:\xampp\htdocs\opencart\system\library\mail.php on line 164
2016-07-08 7:17:32 - PHP Notice:  Undefined variable: cart in D:\xampp\htdocs\opencart\catalog\view\theme\default\template\common\datesdecor.tpl on line 14
2016-07-08 7:34:32 - PHP Notice:  Undefined index: sort_order in D:\xampp\htdocs\opencart\admin\model\design\banner.php on line 37
2016-07-08 7:34:32 - PHP Notice:  Undefined index: sort_order in D:\xampp\htdocs\opencart\admin\model\design\banner.php on line 37
2016-07-08 7:34:32 - PHP Notice:  Undefined index: sort_order in D:\xampp\htdocs\opencart\admin\model\design\banner.php on line 37
2016-07-08 7:34:32 - PHP Notice:  Undefined index: sort_order in D:\xampp\htdocs\opencart\admin\model\design\banner.php on line 37
2016-07-08 8:36:08 - PHP Notice:  Undefined variable: cart in D:\xampp\htdocs\opencart\catalog\view\theme\default\template\common\datesdecor.tpl on line 14
2016-07-08 8:38:57 - PHP Notice:  Undefined variable: cart in D:\xampp\htdocs\opencart\catalog\view\theme\default\template\common\datesdecor.tpl on line 14
2016-07-08 8:43:42 - PHP Notice:  Undefined variable: cart in D:\xampp\htdocs\opencart\catalog\view\theme\default\template\common\datesdecor.tpl on line 14
2016-07-08 10:39:26 - PHP Notice:  Undefined variable: cart in D:\xampp\htdocs\opencart\catalog\view\theme\default\template\common\datesdecor.tpl on line 14
2016-07-08 11:20:56 - PHP Notice:  Undefined variable: cart in D:\xampp\htdocs\opencart\catalog\view\theme\default\template\common\datesdecor.tpl on line 14
2016-07-08 11:35:19 - PHP Warning:  mail(): Failed to connect to mailserver at &quot;localhost&quot; port 25, verify your &quot;SMTP&quot; and &quot;smtp_port&quot; setting in php.ini or use ini_set() in D:\xampp\htdocs\opencart\system\library\mail.php on line 164
2016-07-08 11:35:20 - PHP Warning:  mail(): Failed to connect to mailserver at &quot;localhost&quot; port 25, verify your &quot;SMTP&quot; and &quot;smtp_port&quot; setting in php.ini or use ini_set() in D:\xampp\htdocs\opencart\system\library\mail.php on line 164
2016-07-08 11:38:12 - PHP Notice:  Undefined variable: cart in D:\xampp\htdocs\opencart\catalog\view\theme\default\template\common\datesdecor.tpl on line 14
2016-07-08 11:46:33 - PHP Notice:  Undefined variable: cart in D:\xampp\htdocs\opencart\catalog\view\theme\default\template\common\datesdecor.tpl on line 14
2016-07-08 11:46:35 - PHP Notice:  Undefined variable: cart in D:\xampp\htdocs\opencart\catalog\view\theme\default\template\common\datesdecor.tpl on line 14
2016-07-08 11:46:48 - PHP Notice:  Undefined variable: cart in D:\xampp\htdocs\opencart\catalog\view\theme\default\template\common\datesdecor.tpl on line 14
2016-07-08 12:17:03 - PHP Notice:  Undefined variable: cart in D:\xampp\htdocs\opencart\catalog\view\theme\default\template\common\datesdecor.tpl on line 14
2016-07-08 12:18:47 - PHP Notice:  Undefined variable: cart in D:\xampp\htdocs\opencart\catalog\view\theme\default\template\common\datesdecor.tpl on line 14
2016-07-08 12:27:34 - PHP Notice:  Undefined variable: cart in D:\xampp\htdocs\opencart\catalog\view\theme\default\template\common\datesdecor.tpl on line 14
2016-07-08 13:50:25 - PHP Notice:  Undefined variable: cart in D:\xampp\htdocs\opencart\catalog\view\theme\default\template\common\datesdecor.tpl on line 14
2016-07-08 13:55:08 - PHP Warning:  mail(): Failed to connect to mailserver at &quot;localhost&quot; port 25, verify your &quot;SMTP&quot; and &quot;smtp_port&quot; setting in php.ini or use ini_set() in D:\xampp\htdocs\opencart\system\library\mail.php on line 164
2016-07-08 13:55:09 - PHP Warning:  mail(): Failed to connect to mailserver at &quot;localhost&quot; port 25, verify your &quot;SMTP&quot; and &quot;smtp_port&quot; setting in php.ini or use ini_set() in D:\xampp\htdocs\opencart\system\library\mail.php on line 164
2016-07-09 17:51:46 - PHP Notice:  Undefined variable: cart in D:\xampp\htdocs\opencart\catalog\view\theme\default\template\common\datesdecor.tpl on line 14
2016-07-11 5:34:36 - PHP Notice:  Undefined variable: action in D:\xampp\htdocs\opencart\catalog\view\theme\default\template\common\contacts.tpl on line 42
2016-07-11 5:34:36 - PHP Notice:  Undefined variable: text_contact in D:\xampp\htdocs\opencart\catalog\view\theme\default\template\common\contacts.tpl on line 44
2016-07-11 5:34:36 - PHP Notice:  Undefined variable: entry_name in D:\xampp\htdocs\opencart\catalog\view\theme\default\template\common\contacts.tpl on line 46
2016-07-11 5:34:36 - PHP Notice:  Undefined variable: name in D:\xampp\htdocs\opencart\catalog\view\theme\default\template\common\contacts.tpl on line 48
2016-07-11 5:34:36 - PHP Notice:  Undefined variable: error_name in D:\xampp\htdocs\opencart\catalog\view\theme\default\template\common\contacts.tpl on line 49
2016-07-11 5:34:36 - PHP Notice:  Undefined variable: entry_email in D:\xampp\htdocs\opencart\catalog\view\theme\default\template\common\contacts.tpl on line 55
2016-07-11 5:34:36 - PHP Notice:  Undefined variable: email in D:\xampp\htdocs\opencart\catalog\view\theme\default\template\common\contacts.tpl on line 57
2016-07-11 5:34:36 - PHP Notice:  Undefined variable: error_email in D:\xampp\htdocs\opencart\catalog\view\theme\default\template\common\contacts.tpl on line 58
2016-07-11 5:34:36 - PHP Notice:  Undefined variable: entry_enquiry in D:\xampp\htdocs\opencart\catalog\view\theme\default\template\common\contacts.tpl on line 64
2016-07-11 5:34:36 - PHP Notice:  Undefined variable: enquiry in D:\xampp\htdocs\opencart\catalog\view\theme\default\template\common\contacts.tpl on line 66
2016-07-11 5:34:36 - PHP Notice:  Undefined variable: error_enquiry in D:\xampp\htdocs\opencart\catalog\view\theme\default\template\common\contacts.tpl on line 67
2016-07-11 5:34:36 - PHP Notice:  Undefined variable: captcha in D:\xampp\htdocs\opencart\catalog\view\theme\default\template\common\contacts.tpl on line 72
2016-07-11 5:34:36 - PHP Notice:  Undefined variable: button_submit in D:\xampp\htdocs\opencart\catalog\view\theme\default\template\common\contacts.tpl on line 76
2016-07-11 5:37:19 - PHP Notice:  Undefined variable: action in D:\xampp\htdocs\opencart\catalog\view\theme\default\template\common\contacts.tpl on line 42
2016-07-11 5:37:19 - PHP Notice:  Undefined variable: text_contact in D:\xampp\htdocs\opencart\catalog\view\theme\default\template\common\contacts.tpl on line 44
2016-07-11 5:37:19 - PHP Notice:  Undefined variable: entry_name in D:\xampp\htdocs\opencart\catalog\view\theme\default\template\common\contacts.tpl on line 46
2016-07-11 5:37:19 - PHP Notice:  Undefined variable: name in D:\xampp\htdocs\opencart\catalog\view\theme\default\template\common\contacts.tpl on line 48
2016-07-11 5:37:19 - PHP Notice:  Undefined variable: error_name in D:\xampp\htdocs\opencart\catalog\view\theme\default\template\common\contacts.tpl on line 49
2016-07-11 5:37:19 - PHP Notice:  Undefined variable: entry_email in D:\xampp\htdocs\opencart\catalog\view\theme\default\template\common\contacts.tpl on line 55
2016-07-11 5:37:19 - PHP Notice:  Undefined variable: email in D:\xampp\htdocs\opencart\catalog\view\theme\default\template\common\contacts.tpl on line 57
2016-07-11 5:37:19 - PHP Notice:  Undefined variable: error_email in D:\xampp\htdocs\opencart\catalog\view\theme\default\template\common\contacts.tpl on line 58
2016-07-11 5:37:19 - PHP Notice:  Undefined variable: entry_enquiry in D:\xampp\htdocs\opencart\catalog\view\theme\default\template\common\contacts.tpl on line 64
2016-07-11 5:37:19 - PHP Notice:  Undefined variable: enquiry in D:\xampp\htdocs\opencart\catalog\view\theme\default\template\common\contacts.tpl on line 66
2016-07-11 5:37:19 - PHP Notice:  Undefined variable: error_enquiry in D:\xampp\htdocs\opencart\catalog\view\theme\default\template\common\contacts.tpl on line 67
2016-07-11 5:37:19 - PHP Notice:  Undefined variable: captcha in D:\xampp\htdocs\opencart\catalog\view\theme\default\template\common\contacts.tpl on line 72
2016-07-11 5:37:19 - PHP Notice:  Undefined variable: button_submit in D:\xampp\htdocs\opencart\catalog\view\theme\default\template\common\contacts.tpl on line 76
2016-07-11 5:38:37 - PHP Notice:  Undefined variable: action in D:\xampp\htdocs\opencart\catalog\view\theme\default\template\common\contacts.tpl on line 42
2016-07-11 5:38:37 - PHP Notice:  Undefined variable: text_contact in D:\xampp\htdocs\opencart\catalog\view\theme\default\template\common\contacts.tpl on line 44
2016-07-11 5:38:37 - PHP Notice:  Undefined variable: entry_name in D:\xampp\htdocs\opencart\catalog\view\theme\default\template\common\contacts.tpl on line 46
2016-07-11 5:38:37 - PHP Notice:  Undefined variable: name in D:\xampp\htdocs\opencart\catalog\view\theme\default\template\common\contacts.tpl on line 48
2016-07-11 5:38:37 - PHP Notice:  Undefined variable: error_name in D:\xampp\htdocs\opencart\catalog\view\theme\default\template\common\contacts.tpl on line 49
2016-07-11 5:38:37 - PHP Notice:  Undefined variable: entry_email in D:\xampp\htdocs\opencart\catalog\view\theme\default\template\common\contacts.tpl on line 55
2016-07-11 5:38:37 - PHP Notice:  Undefined variable: email in D:\xampp\htdocs\opencart\catalog\view\theme\default\template\common\contacts.tpl on line 57
2016-07-11 5:38:37 - PHP Notice:  Undefined variable: error_email in D:\xampp\htdocs\opencart\catalog\view\theme\default\template\common\contacts.tpl on line 58
2016-07-11 5:38:37 - PHP Notice:  Undefined variable: entry_enquiry in D:\xampp\htdocs\opencart\catalog\view\theme\default\template\common\contacts.tpl on line 64
2016-07-11 5:38:37 - PHP Notice:  Undefined variable: enquiry in D:\xampp\htdocs\opencart\catalog\view\theme\default\template\common\contacts.tpl on line 66
2016-07-11 5:38:37 - PHP Notice:  Undefined variable: error_enquiry in D:\xampp\htdocs\opencart\catalog\view\theme\default\template\common\contacts.tpl on line 67
2016-07-11 5:38:37 - PHP Notice:  Undefined variable: captcha in D:\xampp\htdocs\opencart\catalog\view\theme\default\template\common\contacts.tpl on line 72
2016-07-11 5:38:37 - PHP Notice:  Undefined variable: button_submit in D:\xampp\htdocs\opencart\catalog\view\theme\default\template\common\contacts.tpl on line 76
2016-07-11 5:45:10 - PHP Notice:  Undefined index: name in D:\xampp\htdocs\opencart\catalog\controller\information\contact.php on line 166
2016-07-11 5:45:10 - PHP Notice:  Undefined index: email in D:\xampp\htdocs\opencart\catalog\controller\information\contact.php on line 170
2016-07-11 5:45:10 - PHP Notice:  Undefined index: enquiry in D:\xampp\htdocs\opencart\catalog\controller\information\contact.php on line 174
2016-07-11 5:45:10 - PHP Notice:  Undefined index: captcha in D:\xampp\htdocs\opencart\catalog\controller\captcha\basic_captcha.php on line 28
2016-07-11 5:46:01 - PHP Notice:  Undefined index: name in D:\xampp\htdocs\opencart\catalog\controller\information\contact.php on line 166
2016-07-11 5:46:01 - PHP Notice:  Undefined index: email in D:\xampp\htdocs\opencart\catalog\controller\information\contact.php on line 170
2016-07-11 5:46:01 - PHP Notice:  Undefined index: enquiry in D:\xampp\htdocs\opencart\catalog\controller\information\contact.php on line 174
2016-07-11 5:46:01 - PHP Notice:  Undefined index: captcha in D:\xampp\htdocs\opencart\catalog\controller\captcha\basic_captcha.php on line 28
2016-07-11 5:46:09 - PHP Notice:  Undefined index: name in D:\xampp\htdocs\opencart\catalog\controller\information\contact.php on line 166
2016-07-11 5:46:09 - PHP Notice:  Undefined index: email in D:\xampp\htdocs\opencart\catalog\controller\information\contact.php on line 170
2016-07-11 5:46:09 - PHP Notice:  Undefined index: enquiry in D:\xampp\htdocs\opencart\catalog\controller\information\contact.php on line 174
2016-07-11 5:46:09 - PHP Notice:  Undefined index: captcha in D:\xampp\htdocs\opencart\catalog\controller\captcha\basic_captcha.php on line 28
2016-07-11 5:46:45 - PHP Notice:  Undefined index: name in D:\xampp\htdocs\opencart\catalog\controller\information\contact.php on line 166
2016-07-11 5:46:45 - PHP Notice:  Undefined index: email in D:\xampp\htdocs\opencart\catalog\controller\information\contact.php on line 170
2016-07-11 5:46:45 - PHP Notice:  Undefined index: enquiry in D:\xampp\htdocs\opencart\catalog\controller\information\contact.php on line 174
2016-07-11 5:46:45 - PHP Notice:  Undefined index: captcha in D:\xampp\htdocs\opencart\catalog\controller\captcha\basic_captcha.php on line 28
2016-07-11 5:47:13 - PHP Notice:  Undefined index: name in D:\xampp\htdocs\opencart\catalog\controller\information\contact.php on line 166
2016-07-11 5:47:13 - PHP Notice:  Undefined index: email in D:\xampp\htdocs\opencart\catalog\controller\information\contact.php on line 170
2016-07-11 5:47:13 - PHP Notice:  Undefined index: enquiry in D:\xampp\htdocs\opencart\catalog\controller\information\contact.php on line 174
2016-07-11 5:47:13 - PHP Notice:  Undefined index: captcha in D:\xampp\htdocs\opencart\catalog\controller\captcha\basic_captcha.php on line 28
2016-07-11 5:49:51 - PHP Notice:  Undefined index: name in D:\xampp\htdocs\opencart\catalog\controller\information\contact.php on line 166
2016-07-11 5:49:51 - PHP Notice:  Undefined index: email in D:\xampp\htdocs\opencart\catalog\controller\information\contact.php on line 170
2016-07-11 5:49:51 - PHP Notice:  Undefined index: enquiry in D:\xampp\htdocs\opencart\catalog\controller\information\contact.php on line 174
2016-07-11 5:49:57 - PHP Notice:  Undefined index: name in D:\xampp\htdocs\opencart\catalog\controller\information\contact.php on line 166
2016-07-11 5:49:57 - PHP Notice:  Undefined index: email in D:\xampp\htdocs\opencart\catalog\controller\information\contact.php on line 170
2016-07-11 5:49:57 - PHP Notice:  Undefined index: enquiry in D:\xampp\htdocs\opencart\catalog\controller\information\contact.php on line 174
2016-07-11 5:50:29 - PHP Notice:  Undefined index: name in D:\xampp\htdocs\opencart\catalog\controller\information\contact.php on line 166
2016-07-11 5:50:29 - PHP Notice:  Undefined index: email in D:\xampp\htdocs\opencart\catalog\controller\information\contact.php on line 170
2016-07-11 5:50:29 - PHP Notice:  Undefined index: enquiry in D:\xampp\htdocs\opencart\catalog\controller\information\contact.php on line 174
2016-07-11 5:53:27 - PHP Warning:  mail(): Failed to connect to mailserver at &quot;localhost&quot; port 25, verify your &quot;SMTP&quot; and &quot;smtp_port&quot; setting in php.ini or use ini_set() in D:\xampp\htdocs\opencart\system\library\mail.php on line 164
2016-07-11 5:54:01 - PHP Notice:  Undefined index: name in D:\xampp\htdocs\opencart\catalog\controller\information\contact.php on line 166
2016-07-11 5:54:01 - PHP Notice:  Undefined index: email in D:\xampp\htdocs\opencart\catalog\controller\information\contact.php on line 170
2016-07-11 5:54:01 - PHP Notice:  Undefined index: enquiry in D:\xampp\htdocs\opencart\catalog\controller\information\contact.php on line 174
2016-07-11 5:54:41 - PHP Notice:  Undefined index: name in D:\xampp\htdocs\opencart\catalog\controller\information\contact.php on line 166
2016-07-11 5:54:41 - PHP Notice:  Undefined index: email in D:\xampp\htdocs\opencart\catalog\controller\information\contact.php on line 170
2016-07-11 5:54:41 - PHP Notice:  Undefined index: enquiry in D:\xampp\htdocs\opencart\catalog\controller\information\contact.php on line 174
2016-07-11 5:59:27 - PHP Notice:  Undefined index: name in D:\xampp\htdocs\opencart\catalog\controller\information\contact.php on line 166
2016-07-11 5:59:27 - PHP Notice:  Undefined index: email in D:\xampp\htdocs\opencart\catalog\controller\information\contact.php on line 170
2016-07-11 5:59:27 - PHP Notice:  Undefined index: enquiry in D:\xampp\htdocs\opencart\catalog\controller\information\contact.php on line 174
2016-07-11 6:03:34 - PHP Notice:  Undefined index: name in D:\xampp\htdocs\opencart\catalog\controller\information\contact.php on line 166
2016-07-11 6:03:34 - PHP Notice:  Undefined index: email in D:\xampp\htdocs\opencart\catalog\controller\information\contact.php on line 170
2016-07-11 6:03:34 - PHP Notice:  Undefined index: enquiry in D:\xampp\htdocs\opencart\catalog\controller\information\contact.php on line 174
2016-07-11 6:07:00 - PHP Notice:  Undefined index: name in D:\xampp\htdocs\opencart\catalog\controller\information\contact.php on line 166
2016-07-11 6:07:00 - PHP Notice:  Undefined index: email in D:\xampp\htdocs\opencart\catalog\controller\information\contact.php on line 170
2016-07-11 6:07:00 - PHP Notice:  Undefined index: enquiry in D:\xampp\htdocs\opencart\catalog\controller\information\contact.php on line 174
2016-07-11 6:09:52 - PHP Notice:  Undefined index: name in D:\xampp\htdocs\opencart\catalog\controller\information\contact.php on line 166
2016-07-11 6:09:52 - PHP Notice:  Undefined index: email in D:\xampp\htdocs\opencart\catalog\controller\information\contact.php on line 170
2016-07-11 6:09:52 - PHP Notice:  Undefined index: enquiry in D:\xampp\htdocs\opencart\catalog\controller\information\contact.php on line 174
2016-07-11 6:12:56 - PHP Warning:  mail(): Failed to connect to mailserver at &quot;localhost&quot; port 25, verify your &quot;SMTP&quot; and &quot;smtp_port&quot; setting in php.ini or use ini_set() in D:\xampp\htdocs\opencart\system\library\mail.php on line 164
2016-07-11 6:13:45 - PHP Warning:  mail(): Failed to connect to mailserver at &quot;localhost&quot; port 25, verify your &quot;SMTP&quot; and &quot;smtp_port&quot; setting in php.ini or use ini_set() in D:\xampp\htdocs\opencart\system\library\mail.php on line 164
2016-07-11 6:14:23 - PHP Warning:  mail(): Failed to connect to mailserver at &quot;localhost&quot; port 25, verify your &quot;SMTP&quot; and &quot;smtp_port&quot; setting in php.ini or use ini_set() in D:\xampp\htdocs\opencart\system\library\mail.php on line 164
2016-07-11 6:55:21 - PHP Notice:  Undefined property: stdClass::$price in D:\xampp\htdocs\opencart\admin\controller\module\price_filter.php on line 76
2016-07-11 6:55:36 - PHP Notice:  Undefined property: stdClass::$price in D:\xampp\htdocs\opencart\admin\controller\module\price_filter.php on line 76
2016-07-11 8:02:19 - PHP Notice:  Undefined variable: price_range_max in D:\xampp\htdocs\opencart\catalog\view\theme\default\template\module\price_filter.tpl on line 20
2016-07-11 8:02:19 - PHP Notice:  Undefined variable: price_range_max in D:\xampp\htdocs\opencart\catalog\view\theme\default\template\module\price_filter.tpl on line 22
2016-07-11 8:03:21 - PHP Notice:  Undefined variable: price_range_max in D:\xampp\htdocs\opencart\catalog\view\theme\default\template\module\price_filter.tpl on line 20
2016-07-11 8:03:21 - PHP Notice:  Undefined variable: price_range_max in D:\xampp\htdocs\opencart\catalog\view\theme\default\template\module\price_filter.tpl on line 22
2016-07-11 10:03:15 - PHP Notice:  Undefined variable: cart in D:\xampp\htdocs\opencart\catalog\view\theme\default\template\common\datesdecor.tpl on line 25
2016-07-11 10:03:23 - PHP Notice:  Undefined variable: cart in D:\xampp\htdocs\opencart\catalog\view\theme\default\template\common\datesdecor.tpl on line 25
2016-07-11 10:03:50 - PHP Notice:  Undefined variable: cart in D:\xampp\htdocs\opencart\catalog\view\theme\default\template\common\datesdecor.tpl on line 25
2016-07-11 10:03:56 - PHP Notice:  Undefined variable: cart in D:\xampp\htdocs\opencart\catalog\view\theme\default\template\common\datesdecor.tpl on line 25
2016-07-11 10:04:44 - PHP Notice:  Undefined variable: cart in D:\xampp\htdocs\opencart\catalog\view\theme\default\template\common\datesdecor.tpl on line 26
2016-07-11 10:05:38 - PHP Notice:  Undefined variable: cart in D:\xampp\htdocs\opencart\catalog\view\theme\default\template\common\datesdecor.tpl on line 26
2016-07-11 10:05:40 - PHP Notice:  Undefined variable: cart in D:\xampp\htdocs\opencart\catalog\view\theme\default\template\common\datesdecor.tpl on line 26
2016-07-11 10:07:41 - PHP Notice:  Undefined variable: cart in D:\xampp\htdocs\opencart\catalog\view\theme\default\template\common\datesdecor.tpl on line 26
2016-07-11 10:08:21 - PHP Notice:  Undefined variable: cart in D:\xampp\htdocs\opencart\catalog\view\theme\default\template\common\datesdecor.tpl on line 26
2016-07-11 10:08:42 - PHP Notice:  Undefined variable: cart in D:\xampp\htdocs\opencart\catalog\view\theme\default\template\common\datesdecor.tpl on line 26
2016-07-11 10:08:52 - PHP Notice:  Undefined variable: cart in D:\xampp\htdocs\opencart\catalog\view\theme\default\template\common\datesdecor.tpl on line 26
2016-07-11 10:09:26 - PHP Notice:  Undefined variable: cart in D:\xampp\htdocs\opencart\catalog\view\theme\default\template\common\datesdecor.tpl on line 26
2016-07-11 10:09:52 - PHP Notice:  Undefined variable: cart in D:\xampp\htdocs\opencart\catalog\view\theme\default\template\common\datesdecor.tpl on line 26
2016-07-11 10:10:53 - PHP Notice:  Undefined variable: cart in D:\xampp\htdocs\opencart\catalog\view\theme\default\template\common\datesdecor.tpl on line 26
2016-07-11 10:11:07 - PHP Notice:  Undefined variable: cart in D:\xampp\htdocs\opencart\catalog\view\theme\default\template\common\datesdecor.tpl on line 26
2016-07-11 10:11:26 - PHP Notice:  Undefined variable: cart in D:\xampp\htdocs\opencart\catalog\view\theme\default\template\common\datesdecor.tpl on line 26
2016-07-11 10:11:39 - PHP Notice:  Undefined variable: cart in D:\xampp\htdocs\opencart\catalog\view\theme\default\template\common\datesdecor.tpl on line 26
2016-07-11 10:12:30 - PHP Notice:  Undefined variable: cart in D:\xampp\htdocs\opencart\catalog\view\theme\default\template\common\datesdecor.tpl on line 26
2016-07-11 10:13:10 - PHP Notice:  Undefined variable: cart in D:\xampp\htdocs\opencart\catalog\view\theme\default\template\common\datesdecor.tpl on line 26
2016-07-11 10:13:19 - PHP Notice:  Undefined variable: cart in D:\xampp\htdocs\opencart\catalog\view\theme\default\template\common\datesdecor.tpl on line 26
2016-07-11 10:13:22 - PHP Notice:  Undefined variable: cart in D:\xampp\htdocs\opencart\catalog\view\theme\default\template\common\datesdecor.tpl on line 26
2016-07-11 10:14:02 - PHP Notice:  Undefined variable: cart in D:\xampp\htdocs\opencart\catalog\view\theme\default\template\common\datesdecor.tpl on line 26
2016-07-11 10:14:11 - PHP Notice:  Undefined variable: cart in D:\xampp\htdocs\opencart\catalog\view\theme\default\template\common\datesdecor.tpl on line 26
2016-07-11 10:14:59 - PHP Notice:  Undefined variable: action in D:\xampp\htdocs\opencart\catalog\view\theme\default\template\common\datesdecor.tpl on line 15
2016-07-11 10:14:59 - PHP Notice:  Undefined variable: entry_name in D:\xampp\htdocs\opencart\catalog\view\theme\default\template\common\datesdecor.tpl on line 20
2016-07-11 10:14:59 - PHP Notice:  Undefined variable: name in D:\xampp\htdocs\opencart\catalog\view\theme\default\template\common\datesdecor.tpl on line 21
2016-07-11 10:14:59 - PHP Notice:  Undefined variable: error_name in D:\xampp\htdocs\opencart\catalog\view\theme\default\template\common\datesdecor.tpl on line 22
2016-07-11 10:14:59 - PHP Notice:  Undefined variable: entry_email in D:\xampp\htdocs\opencart\catalog\view\theme\default\template\common\datesdecor.tpl on line 26
2016-07-11 10:14:59 - PHP Notice:  Undefined variable: email in D:\xampp\htdocs\opencart\catalog\view\theme\default\template\common\datesdecor.tpl on line 27
2016-07-11 10:14:59 - PHP Notice:  Undefined variable: error_email in D:\xampp\htdocs\opencart\catalog\view\theme\default\template\common\datesdecor.tpl on line 28
2016-07-11 10:14:59 - PHP Notice:  Undefined variable: entry_enquiry in D:\xampp\htdocs\opencart\catalog\view\theme\default\template\common\datesdecor.tpl on line 32
2016-07-11 10:14:59 - PHP Notice:  Undefined variable: enquiry in D:\xampp\htdocs\opencart\catalog\view\theme\default\template\common\datesdecor.tpl on line 33
2016-07-11 10:14:59 - PHP Notice:  Undefined variable: error_enquiry in D:\xampp\htdocs\opencart\catalog\view\theme\default\template\common\datesdecor.tpl on line 34
2016-07-11 10:14:59 - PHP Notice:  Undefined variable: captcha in D:\xampp\htdocs\opencart\catalog\view\theme\default\template\common\datesdecor.tpl on line 39
2016-07-11 10:14:59 - PHP Notice:  Undefined variable: button_submit in D:\xampp\htdocs\opencart\catalog\view\theme\default\template\common\datesdecor.tpl on line 40
2016-07-11 10:14:59 - PHP Notice:  Undefined variable: cart in D:\xampp\htdocs\opencart\catalog\view\theme\default\template\common\datesdecor.tpl on line 54
2016-07-11 10:16:17 - PHP Notice:  Undefined variable: entry_name in D:\xampp\htdocs\opencart\catalog\view\theme\default\template\common\datesdecor.tpl on line 20
2016-07-11 10:16:17 - PHP Notice:  Undefined variable: entry_email in D:\xampp\htdocs\opencart\catalog\view\theme\default\template\common\datesdecor.tpl on line 24
2016-07-11 10:16:17 - PHP Notice:  Undefined variable: entry_enquiry in D:\xampp\htdocs\opencart\catalog\view\theme\default\template\common\datesdecor.tpl on line 28
2016-07-11 10:16:17 - PHP Notice:  Undefined variable: captcha in D:\xampp\htdocs\opencart\catalog\view\theme\default\template\common\datesdecor.tpl on line 33
2016-07-11 10:16:17 - PHP Notice:  Undefined variable: button_submit in D:\xampp\htdocs\opencart\catalog\view\theme\default\template\common\datesdecor.tpl on line 34
2016-07-11 10:16:17 - PHP Notice:  Undefined variable: cart in D:\xampp\htdocs\opencart\catalog\view\theme\default\template\common\datesdecor.tpl on line 48
2016-07-11 10:16:33 - PHP Notice:  Undefined variable: entry_name in D:\xampp\htdocs\opencart\catalog\view\theme\default\template\common\datesdecor.tpl on line 20
2016-07-11 10:16:33 - PHP Notice:  Undefined variable: entry_email in D:\xampp\htdocs\opencart\catalog\view\theme\default\template\common\datesdecor.tpl on line 24
2016-07-11 10:16:33 - PHP Notice:  Undefined variable: entry_enquiry in D:\xampp\htdocs\opencart\catalog\view\theme\default\template\common\datesdecor.tpl on line 28
2016-07-11 10:16:33 - PHP Notice:  Undefined variable: cart in D:\xampp\htdocs\opencart\catalog\view\theme\default\template\common\datesdecor.tpl on line 47
2016-07-11 10:17:00 - PHP Notice:  Undefined variable: cart in D:\xampp\htdocs\opencart\catalog\view\theme\default\template\common\datesdecor.tpl on line 26
2016-07-11 10:17:04 - PHP Notice:  Undefined variable: cart in D:\xampp\htdocs\opencart\catalog\view\theme\default\template\common\datesdecor.tpl on line 26
2016-07-11 10:36:00 - PHP Warning:  mail(): Failed to connect to mailserver at &quot;localhost&quot; port 25, verify your &quot;SMTP&quot; and &quot;smtp_port&quot; setting in php.ini or use ini_set() in D:\xampp\htdocs\opencart\system\library\mail.php on line 164
2016-07-11 10:36:01 - PHP Warning:  mail(): Failed to connect to mailserver at &quot;localhost&quot; port 25, verify your &quot;SMTP&quot; and &quot;smtp_port&quot; setting in php.ini or use ini_set() in D:\xampp\htdocs\opencart\system\library\mail.php on line 164
2016-07-11 10:47:51 - PHP Notice:  Undefined variable: cart in D:\xampp\htdocs\opencart\catalog\view\theme\default\template\common\datesdecor.tpl on line 26
2016-07-11 10:55:02 - PHP Warning:  mail(): Failed to connect to mailserver at &quot;localhost&quot; port 25, verify your &quot;SMTP&quot; and &quot;smtp_port&quot; setting in php.ini or use ini_set() in D:\xampp\htdocs\opencart\system\library\mail.php on line 164
2016-07-11 11:02:32 - PHP Notice:  Undefined variable: cart in D:\xampp\htdocs\opencart\catalog\view\theme\default\template\common\datesdecor.tpl on line 26
2016-07-11 11:32:09 - PHP Notice:  Undefined variable: filter_group in D:\xampp\htdocs\opencart\catalog\view\theme\default\template\module\filter.tpl on line 4
2016-07-11 11:32:09 - PHP Notice:  Undefined variable: filter_group in D:\xampp\htdocs\opencart\catalog\view\theme\default\template\module\filter.tpl on line 6
2016-07-11 11:32:09 - PHP Notice:  Undefined variable: filter_group in D:\xampp\htdocs\opencart\catalog\view\theme\default\template\module\filter.tpl on line 7
2016-07-11 11:32:09 - PHP Warning:  Invalid argument supplied for foreach() in D:\xampp\htdocs\opencart\catalog\view\theme\default\template\module\filter.tpl on line 7
2016-07-11 11:48:33 - PHP Notice:  Undefined variable: cart in D:\xampp\htdocs\opencart\catalog\view\theme\default\template\common\datesdecor.tpl on line 26
2016-07-11 12:26:32 - PHP Notice:  Undefined index:  in D:\xampp\htdocs\opencart\catalog\view\theme\default\template\module\filter.tpl on line 21
2016-07-11 12:26:32 - PHP Notice:  Undefined index:  in D:\xampp\htdocs\opencart\catalog\view\theme\default\template\module\filter.tpl on line 21
2016-07-11 12:26:32 - PHP Notice:  Undefined index:  in D:\xampp\htdocs\opencart\catalog\view\theme\default\template\module\filter.tpl on line 21
2016-07-11 12:26:32 - PHP Notice:  Undefined index:  in D:\xampp\htdocs\opencart\catalog\view\theme\default\template\module\filter.tpl on line 21
2016-07-11 12:26:32 - PHP Notice:  Undefined index:  in D:\xampp\htdocs\opencart\catalog\view\theme\default\template\module\filter.tpl on line 21
2016-07-11 12:26:32 - PHP Notice:  Undefined index:  in D:\xampp\htdocs\opencart\catalog\view\theme\default\template\module\filter.tpl on line 24
2016-07-11 12:26:32 - PHP Notice:  Undefined index:  in D:\xampp\htdocs\opencart\catalog\view\theme\default\template\module\filter.tpl on line 24
2016-07-11 12:26:32 - PHP Notice:  Undefined index:  in D:\xampp\htdocs\opencart\catalog\view\theme\default\template\module\filter.tpl on line 24
2016-07-11 12:26:32 - PHP Notice:  Undefined index:  in D:\xampp\htdocs\opencart\catalog\view\theme\default\template\module\filter.tpl on line 24
2016-07-11 12:26:50 - PHP Notice:  Undefined index:  in D:\xampp\htdocs\opencart\catalog\view\theme\default\template\module\filter.tpl on line 22
2016-07-11 12:26:50 - PHP Notice:  Undefined index:  in D:\xampp\htdocs\opencart\catalog\view\theme\default\template\module\filter.tpl on line 22
2016-07-11 12:26:50 - PHP Notice:  Undefined index:  in D:\xampp\htdocs\opencart\catalog\view\theme\default\template\module\filter.tpl on line 22
2016-07-11 12:26:50 - PHP Notice:  Undefined index:  in D:\xampp\htdocs\opencart\catalog\view\theme\default\template\module\filter.tpl on line 22
2016-07-11 12:26:50 - PHP Notice:  Undefined index:  in D:\xampp\htdocs\opencart\catalog\view\theme\default\template\module\filter.tpl on line 22
2016-07-11 12:26:50 - PHP Notice:  Undefined index:  in D:\xampp\htdocs\opencart\catalog\view\theme\default\template\module\filter.tpl on line 25
2016-07-11 12:26:50 - PHP Notice:  Undefined index:  in D:\xampp\htdocs\opencart\catalog\view\theme\default\template\module\filter.tpl on line 25
2016-07-11 12:26:50 - PHP Notice:  Undefined index:  in D:\xampp\htdocs\opencart\catalog\view\theme\default\template\module\filter.tpl on line 25
2016-07-11 12:26:50 - PHP Notice:  Undefined index:  in D:\xampp\htdocs\opencart\catalog\view\theme\default\template\module\filter.tpl on line 25
2016-07-11 13:47:23 - PHP Notice:  Undefined variable: cart in D:\xampp\htdocs\opencart\catalog\view\theme\default\template\common\datesdecor.tpl on line 26
2016-07-11 13:49:00 - PHP Notice:  Undefined variable: cart in D:\xampp\htdocs\opencart\catalog\view\theme\default\template\common\datesdecor.tpl on line 26
2016-07-12 6:32:23 - PHP Notice:  Error: Could not load template D:/xampp/htdocs/opencart/catalog/view/theme/default/template/common/photosessionon.tpl! in D:\xampp\htdocs\opencart\system\engine\loader.php on line 86
2016-07-12 6:32:28 - PHP Notice:  Error: Could not load template D:/xampp/htdocs/opencart/catalog/view/theme/default/template/common/datesdecoration.tpl! in D:\xampp\htdocs\opencart\system\engine\loader.php on line 86
2016-07-12 6:49:52 - PHP Notice:  Error: Could not load template D:/xampp/htdocs/opencart/catalog/view/theme/default/template/common/eventdecoration.tpl! in D:\xampp\htdocs\opencart\system\engine\loader.php on line 86
2016-07-12 10:12:17 - PHP Warning:  mail(): Failed to connect to mailserver at &quot;localhost&quot; port 25, verify your &quot;SMTP&quot; and &quot;smtp_port&quot; setting in php.ini or use ini_set() in D:\xampp\htdocs\opencart\system\library\mail.php on line 164
2016-07-12 10:46:01 - PHP Warning:  mail(): Failed to connect to mailserver at &quot;localhost&quot; port 25, verify your &quot;SMTP&quot; and &quot;smtp_port&quot; setting in php.ini or use ini_set() in D:\xampp\htdocs\opencart\system\library\mail.php on line 164
2016-07-12 10:46:02 - PHP Warning:  mail(): Failed to connect to mailserver at &quot;localhost&quot; port 25, verify your &quot;SMTP&quot; and &quot;smtp_port&quot; setting in php.ini or use ini_set() in D:\xampp\htdocs\opencart\system\library\mail.php on line 164
2016-07-12 10:47:08 - PHP Warning:  mail(): Failed to connect to mailserver at &quot;localhost&quot; port 25, verify your &quot;SMTP&quot; and &quot;smtp_port&quot; setting in php.ini or use ini_set() in D:\xampp\htdocs\opencart\system\library\mail.php on line 164
2016-07-12 10:47:09 - PHP Warning:  mail(): Failed to connect to mailserver at &quot;localhost&quot; port 25, verify your &quot;SMTP&quot; and &quot;smtp_port&quot; setting in php.ini or use ini_set() in D:\xampp\htdocs\opencart\system\library\mail.php on line 164
2016-07-12 11:48:31 - PHP Warning:  mail(): Failed to connect to mailserver at &quot;localhost&quot; port 25, verify your &quot;SMTP&quot; and &quot;smtp_port&quot; setting in php.ini or use ini_set() in D:\xampp\htdocs\opencart\system\library\mail.php on line 164
2016-07-12 11:52:25 - PHP Warning:  mail(): Failed to connect to mailserver at &quot;localhost&quot; port 25, verify your &quot;SMTP&quot; and &quot;smtp_port&quot; setting in php.ini or use ini_set() in D:\xampp\htdocs\opencart\system\library\mail.php on line 164
2016-07-12 11:52:26 - PHP Warning:  mail(): Failed to connect to mailserver at &quot;localhost&quot; port 25, verify your &quot;SMTP&quot; and &quot;smtp_port&quot; setting in php.ini or use ini_set() in D:\xampp\htdocs\opencart\system\library\mail.php on line 164
2016-07-12 13:56:44 - PHP Warning:  mail(): Failed to connect to mailserver at &quot;localhost&quot; port 25, verify your &quot;SMTP&quot; and &quot;smtp_port&quot; setting in php.ini or use ini_set() in D:\xampp\htdocs\opencart\system\library\mail.php on line 164
2016-07-13 6:28:01 - PHP Notice:  Undefined variable: button_back in D:\xampp\htdocs\opencart\catalog\view\theme\default\template\checkout\cart.tpl on line 123
2016-07-13 6:28:01 - PHP Notice:  Undefined variable: button_cart in D:\xampp\htdocs\opencart\catalog\view\theme\default\template\checkout\cart.tpl on line 124
2016-07-13 10:32:51 - PHP Notice:  Undefined index: sort_order in D:\xampp\htdocs\opencart\admin\model\design\banner.php on line 37
2016-07-13 13:47:34 - PHP Warning:  mail(): Failed to connect to mailserver at &quot;localhost&quot; port 25, verify your &quot;SMTP&quot; and &quot;smtp_port&quot; setting in php.ini or use ini_set() in D:\xampp\htdocs\opencart\system\library\mail.php on line 164
2016-07-13 13:47:35 - PHP Warning:  mail(): Failed to connect to mailserver at &quot;localhost&quot; port 25, verify your &quot;SMTP&quot; and &quot;smtp_port&quot; setting in php.ini or use ini_set() in D:\xampp\htdocs\opencart\system\library\mail.php on line 164
2016-07-13 13:47:52 - PHP Warning:  mail(): Failed to connect to mailserver at &quot;localhost&quot; port 25, verify your &quot;SMTP&quot; and &quot;smtp_port&quot; setting in php.ini or use ini_set() in D:\xampp\htdocs\opencart\system\library\mail.php on line 164
2016-07-14 6:03:16 - PHP Notice:  Undefined variable: footer in D:\xampp\htdocs\opencart\catalog\view\theme\default\template\module\price_filter.tpl on line 78
2016-07-14 7:24:50 - PHP Warning:  mail(): Failed to connect to mailserver at &quot;localhost&quot; port 25, verify your &quot;SMTP&quot; and &quot;smtp_port&quot; setting in php.ini or use ini_set() in D:\xampp\htdocs\opencart\system\library\mail.php on line 164
2016-07-14 7:24:51 - PHP Warning:  mail(): Failed to connect to mailserver at &quot;localhost&quot; port 25, verify your &quot;SMTP&quot; and &quot;smtp_port&quot; setting in php.ini or use ini_set() in D:\xampp\htdocs\opencart\system\library\mail.php on line 164
2016-07-14 7:25:41 - PHP Warning:  mail(): Failed to connect to mailserver at &quot;localhost&quot; port 25, verify your &quot;SMTP&quot; and &quot;smtp_port&quot; setting in php.ini or use ini_set() in D:\xampp\htdocs\opencart\system\library\mail.php on line 164
2016-07-14 8:14:46 - PHP Warning:  mail(): Failed to connect to mailserver at &quot;localhost&quot; port 25, verify your &quot;SMTP&quot; and &quot;smtp_port&quot; setting in php.ini or use ini_set() in D:\xampp\htdocs\opencart\system\library\mail.php on line 164
2016-07-14 8:14:47 - PHP Warning:  mail(): Failed to connect to mailserver at &quot;localhost&quot; port 25, verify your &quot;SMTP&quot; and &quot;smtp_port&quot; setting in php.ini or use ini_set() in D:\xampp\htdocs\opencart\system\library\mail.php on line 164
2016-07-14 8:15:39 - PHP Warning:  mail(): Failed to connect to mailserver at &quot;localhost&quot; port 25, verify your &quot;SMTP&quot; and &quot;smtp_port&quot; setting in php.ini or use ini_set() in D:\xampp\htdocs\opencart\system\library\mail.php on line 164
2016-07-14 10:30:19 - PHP Notice:  Undefined index: title in D:\xampp\htdocs\opencart\catalog\view\theme\default\template\checkout\cart.tpl on line 151
2016-07-14 10:30:19 - PHP Notice:  Undefined index: text in D:\xampp\htdocs\opencart\catalog\view\theme\default\template\checkout\cart.tpl on line 152
2016-07-14 11:09:07 - PHP Notice:  Undefined index: tab_description in D:\xampp\htdocs\opencart\catalog\view\theme\default\template\checkout\cart.tpl on line 113
2016-07-14 11:09:07 - PHP Notice:  Undefined index: tab_description in D:\xampp\htdocs\opencart\catalog\view\theme\default\template\checkout\cart.tpl on line 113
2016-07-14 11:09:07 - PHP Notice:  Undefined index: tab_description in D:\xampp\htdocs\opencart\catalog\view\theme\default\template\checkout\cart.tpl on line 113
2016-07-14 13:06:51 - PHP Warning:  mail(): Failed to connect to mailserver at &quot;localhost&quot; port 25, verify your &quot;SMTP&quot; and &quot;smtp_port&quot; setting in php.ini or use ini_set() in D:\xampp\htdocs\opencart\system\library\mail.php on line 164
2016-07-14 13:06:52 - PHP Warning:  mail(): Failed to connect to mailserver at &quot;localhost&quot; port 25, verify your &quot;SMTP&quot; and &quot;smtp_port&quot; setting in php.ini or use ini_set() in D:\xampp\htdocs\opencart\system\library\mail.php on line 164
2016-07-15 5:17:08 - PHP Notice:  Undefined index: model in D:\xampp\htdocs\opencart\catalog\view\theme\default\template\module\special.tpl on line 86
2016-07-15 5:17:08 - PHP Notice:  Undefined index: model in D:\xampp\htdocs\opencart\catalog\view\theme\default\template\module\special.tpl on line 86
2016-07-15 5:17:08 - PHP Notice:  Undefined index: model in D:\xampp\htdocs\opencart\catalog\view\theme\default\template\module\special.tpl on line 86
2016-07-15 5:17:08 - PHP Notice:  Undefined index: model in D:\xampp\htdocs\opencart\catalog\view\theme\default\template\module\special.tpl on line 86
2016-07-15 5:27:12 - PHP Notice:  Undefined variable: attribute_groups in D:\xampp\htdocs\opencart\catalog\view\theme\default\template\module\special.tpl on line 135
2016-07-15 5:27:12 - PHP Notice:  Undefined variable: attribute_groups in D:\xampp\htdocs\opencart\catalog\view\theme\default\template\module\special.tpl on line 135
2016-07-15 5:27:12 - PHP Notice:  Undefined variable: attribute_groups in D:\xampp\htdocs\opencart\catalog\view\theme\default\template\module\special.tpl on line 135
2016-07-15 5:27:12 - PHP Notice:  Undefined variable: attribute_groups in D:\xampp\htdocs\opencart\catalog\view\theme\default\template\module\special.tpl on line 135
2016-07-15 5:31:24 - PHP Notice:  Undefined variable: attribute_groups in D:\xampp\htdocs\opencart\catalog\view\theme\default\template\module\special.tpl on line 135
2016-07-15 5:31:24 - PHP Notice:  Undefined variable: attribute_groups in D:\xampp\htdocs\opencart\catalog\view\theme\default\template\module\special.tpl on line 135
2016-07-15 5:31:24 - PHP Notice:  Undefined variable: attribute_groups in D:\xampp\htdocs\opencart\catalog\view\theme\default\template\module\special.tpl on line 135
2016-07-15 5:31:24 - PHP Notice:  Undefined variable: attribute_groups in D:\xampp\htdocs\opencart\catalog\view\theme\default\template\module\special.tpl on line 135
2016-07-15 5:37:29 - PHP Notice:  Undefined variable: attribute_groups in D:\xampp\htdocs\opencart\catalog\view\theme\default\template\module\special.tpl on line 138
2016-07-15 5:37:29 - PHP Notice:  Undefined variable: attribute_groups in D:\xampp\htdocs\opencart\catalog\view\theme\default\template\module\special.tpl on line 138
2016-07-15 5:37:29 - PHP Notice:  Undefined variable: attribute_groups in D:\xampp\htdocs\opencart\catalog\view\theme\default\template\module\special.tpl on line 138
2016-07-15 5:37:29 - PHP Notice:  Undefined variable: attribute_groups in D:\xampp\htdocs\opencart\catalog\view\theme\default\template\module\special.tpl on line 138
2016-07-15 5:41:41 - PHP Notice:  Undefined variable: attribute_groups in D:\xampp\htdocs\opencart\catalog\view\theme\default\template\module\special.tpl on line 138
2016-07-15 5:41:41 - PHP Notice:  Undefined variable: attribute_groups in D:\xampp\htdocs\opencart\catalog\view\theme\default\template\module\special.tpl on line 138
2016-07-15 5:41:41 - PHP Notice:  Undefined variable: attribute_groups in D:\xampp\htdocs\opencart\catalog\view\theme\default\template\module\special.tpl on line 138
2016-07-15 5:41:41 - PHP Notice:  Undefined variable: attribute_groups in D:\xampp\htdocs\opencart\catalog\view\theme\default\template\module\special.tpl on line 138
2016-07-15 5:42:12 - PHP Notice:  Undefined variable: attribute_groups in D:\xampp\htdocs\opencart\catalog\view\theme\default\template\module\special.tpl on line 138
2016-07-15 5:42:12 - PHP Notice:  Undefined variable: attribute_groups in D:\xampp\htdocs\opencart\catalog\view\theme\default\template\module\special.tpl on line 138
2016-07-15 5:42:12 - PHP Notice:  Undefined variable: attribute_groups in D:\xampp\htdocs\opencart\catalog\view\theme\default\template\module\special.tpl on line 138
2016-07-15 5:42:12 - PHP Notice:  Undefined variable: attribute_groups in D:\xampp\htdocs\opencart\catalog\view\theme\default\template\module\special.tpl on line 138
2016-07-15 5:42:57 - PHP Notice:  Undefined index: attribute_groups in D:\xampp\htdocs\opencart\catalog\view\theme\default\template\module\special.tpl on line 139
2016-07-15 5:42:57 - PHP Notice:  Undefined index: attribute_groups in D:\xampp\htdocs\opencart\catalog\view\theme\default\template\module\special.tpl on line 139
2016-07-15 5:42:57 - PHP Notice:  Undefined index: attribute_groups in D:\xampp\htdocs\opencart\catalog\view\theme\default\template\module\special.tpl on line 139
2016-07-15 5:42:57 - PHP Notice:  Undefined index: attribute_groups in D:\xampp\htdocs\opencart\catalog\view\theme\default\template\module\special.tpl on line 139
2016-07-15 8:25:40 - PHP Warning:  mail(): Failed to connect to mailserver at &quot;localhost&quot; port 25, verify your &quot;SMTP&quot; and &quot;smtp_port&quot; setting in php.ini or use ini_set() in D:\xampp\htdocs\opencart\system\library\mail.php on line 164
2016-07-15 8:25:41 - PHP Warning:  mail(): Failed to connect to mailserver at &quot;localhost&quot; port 25, verify your &quot;SMTP&quot; and &quot;smtp_port&quot; setting in php.ini or use ini_set() in D:\xampp\htdocs\opencart\system\library\mail.php on line 164
2016-07-15 11:44:37 - PHP Warning:  mail(): Failed to connect to mailserver at &quot;localhost&quot; port 25, verify your &quot;SMTP&quot; and &quot;smtp_port&quot; setting in php.ini or use ini_set() in D:\xampp\htdocs\opencart\system\library\mail.php on line 164
2016-07-15 11:44:38 - PHP Warning:  mail(): Failed to connect to mailserver at &quot;localhost&quot; port 25, verify your &quot;SMTP&quot; and &quot;smtp_port&quot; setting in php.ini or use ini_set() in D:\xampp\htdocs\opencart\system\library\mail.php on line 164
2016-07-15 11:48:22 - PHP Warning:  mail(): Failed to connect to mailserver at &quot;localhost&quot; port 25, verify your &quot;SMTP&quot; and &quot;smtp_port&quot; setting in php.ini or use ini_set() in D:\xampp\htdocs\opencart\system\library\mail.php on line 164
2016-07-15 11:48:23 - PHP Warning:  mail(): Failed to connect to mailserver at &quot;localhost&quot; port 25, verify your &quot;SMTP&quot; and &quot;smtp_port&quot; setting in php.ini or use ini_set() in D:\xampp\htdocs\opencart\system\library\mail.php on line 164
2016-07-15 12:47:16 - PHP Notice:  Undefined variable: text_checkout_option in D:\xampp\htdocs\opencart\catalog\view\theme\default\template\checkout\cart.tpl on line 246
2016-07-15 12:47:16 - PHP Notice:  Undefined variable: logged in D:\xampp\htdocs\opencart\catalog\view\theme\default\template\checkout\cart.tpl on line 252
2016-07-15 12:47:16 - PHP Notice:  Undefined variable: account in D:\xampp\htdocs\opencart\catalog\view\theme\default\template\checkout\cart.tpl on line 252
2016-07-15 12:47:16 - PHP Notice:  Undefined variable: text_checkout_account in D:\xampp\htdocs\opencart\catalog\view\theme\default\template\checkout\cart.tpl on line 255
2016-07-15 12:47:16 - PHP Notice:  Undefined variable: shipping_required in D:\xampp\htdocs\opencart\catalog\view\theme\default\template\checkout\cart.tpl on line 271
2016-07-15 12:47:16 - PHP Notice:  Undefined variable: text_checkout_payment_method in D:\xampp\htdocs\opencart\catalog\view\theme\default\template\checkout\cart.tpl on line 293
2016-07-15 12:47:16 - PHP Notice:  Undefined variable: text_checkout_confirm in D:\xampp\htdocs\opencart\catalog\view\theme\default\template\checkout\cart.tpl on line 301
2016-07-15 12:47:16 - PHP Notice:  Undefined variable: text_checkout_account in D:\xampp\htdocs\opencart\catalog\view\theme\default\template\checkout\cart.tpl on line 315
2016-07-15 12:47:16 - PHP Notice:  Undefined variable: text_checkout_payment_address in D:\xampp\htdocs\opencart\catalog\view\theme\default\template\checkout\cart.tpl on line 317
2016-07-15 12:47:16 - PHP Notice:  Undefined variable: text_checkout_account in D:\xampp\htdocs\opencart\catalog\view\theme\default\template\checkout\cart.tpl on line 321
2016-07-15 12:47:16 - PHP Notice:  Undefined variable: text_checkout_payment_address in D:\xampp\htdocs\opencart\catalog\view\theme\default\template\checkout\cart.tpl on line 323
2016-07-15 12:47:16 - PHP Notice:  Undefined variable: logged in D:\xampp\htdocs\opencart\catalog\view\theme\default\template\checkout\cart.tpl on line 328
2016-07-15 12:47:16 - PHP Notice:  Undefined variable: text_checkout_option in D:\xampp\htdocs\opencart\catalog\view\theme\default\template\checkout\cart.tpl on line 336
2016-07-15 12:47:16 - PHP Notice:  Undefined variable: text_checkout_account in D:\xampp\htdocs\opencart\catalog\view\theme\default\template\checkout\cart.tpl on line 381
2016-07-15 12:47:16 - PHP Notice:  Undefined variable: text_checkout_payment_address in D:\xampp\htdocs\opencart\catalog\view\theme\default\template\checkout\cart.tpl on line 383
2016-07-15 12:47:16 - PHP Notice:  Undefined variable: shipping_required in D:\xampp\htdocs\opencart\catalog\view\theme\default\template\checkout\cart.tpl on line 463
2016-07-15 12:47:16 - PHP Notice:  Undefined variable: text_checkout_payment_method in D:\xampp\htdocs\opencart\catalog\view\theme\default\template\checkout\cart.tpl on line 526
2016-07-15 12:47:16 - PHP Notice:  Undefined variable: text_checkout_confirm in D:\xampp\htdocs\opencart\catalog\view\theme\default\template\checkout\cart.tpl on line 530
2016-07-15 12:47:16 - PHP Notice:  Undefined variable: text_checkout_payment_address in D:\xampp\htdocs\opencart\catalog\view\theme\default\template\checkout\cart.tpl on line 547
2016-07-15 12:47:16 - PHP Notice:  Undefined variable: shipping_required in D:\xampp\htdocs\opencart\catalog\view\theme\default\template\checkout\cart.tpl on line 597
2016-07-15 12:47:16 - PHP Notice:  Undefined variable: text_checkout_payment_method in D:\xampp\htdocs\opencart\catalog\view\theme\default\template\checkout\cart.tpl on line 623
2016-07-15 12:47:16 - PHP Notice:  Undefined variable: text_checkout_confirm in D:\xampp\htdocs\opencart\catalog\view\theme\default\template\checkout\cart.tpl on line 627
2016-07-15 12:47:16 - PHP Notice:  Undefined variable: text_checkout_shipping_method in D:\xampp\htdocs\opencart\catalog\view\theme\default\template\checkout\cart.tpl on line 697
2016-07-15 12:47:16 - PHP Notice:  Undefined variable: text_checkout_payment_method in D:\xampp\htdocs\opencart\catalog\view\theme\default\template\checkout\cart.tpl on line 701
2016-07-15 12:47:16 - PHP Notice:  Undefined variable: text_checkout_confirm in D:\xampp\htdocs\opencart\catalog\view\theme\default\template\checkout\cart.tpl on line 702
2016-07-15 12:47:16 - PHP Notice:  Undefined variable: shipping_required in D:\xampp\htdocs\opencart\catalog\view\theme\default\template\checkout\cart.tpl on line 773
2016-07-15 12:47:16 - PHP Notice:  Undefined variable: text_checkout_payment_method in D:\xampp\htdocs\opencart\catalog\view\theme\default\template\checkout\cart.tpl on line 844
2016-07-15 12:47:16 - PHP Notice:  Undefined variable: text_checkout_confirm in D:\xampp\htdocs\opencart\catalog\view\theme\default\template\checkout\cart.tpl on line 848
2016-07-15 12:47:16 - PHP Notice:  Undefined variable: text_checkout_shipping_method in D:\xampp\htdocs\opencart\catalog\view\theme\default\template\checkout\cart.tpl on line 907
2016-07-15 12:47:16 - PHP Notice:  Undefined variable: text_checkout_payment_method in D:\xampp\htdocs\opencart\catalog\view\theme\default\template\checkout\cart.tpl on line 911
2016-07-15 12:47:16 - PHP Notice:  Undefined variable: text_checkout_confirm in D:\xampp\htdocs\opencart\catalog\view\theme\default\template\checkout\cart.tpl on line 912
2016-07-15 12:47:16 - PHP Notice:  Undefined variable: text_checkout_payment_method in D:\xampp\htdocs\opencart\catalog\view\theme\default\template\checkout\cart.tpl on line 956
2016-07-15 12:47:16 - PHP Notice:  Undefined variable: text_checkout_confirm in D:\xampp\htdocs\opencart\catalog\view\theme\default\template\checkout\cart.tpl on line 960
2016-07-15 12:47:16 - PHP Notice:  Undefined variable: text_checkout_confirm in D:\xampp\htdocs\opencart\catalog\view\theme\default\template\checkout\cart.tpl on line 1002
2016-07-18 5:13:16 - PHP Warning:  mail(): Failed to connect to mailserver at &quot;localhost&quot; port 25, verify your &quot;SMTP&quot; and &quot;smtp_port&quot; setting in php.ini or use ini_set() in D:\xampp\htdocs\opencart\system\library\mail.php on line 164
2016-07-18 5:13:17 - PHP Warning:  mail(): Failed to connect to mailserver at &quot;localhost&quot; port 25, verify your &quot;SMTP&quot; and &quot;smtp_port&quot; setting in php.ini or use ini_set() in D:\xampp\htdocs\opencart\system\library\mail.php on line 164
2016-07-18 5:26:00 - PHP Warning:  mail(): Failed to connect to mailserver at &quot;localhost&quot; port 25, verify your &quot;SMTP&quot; and &quot;smtp_port&quot; setting in php.ini or use ini_set() in D:\xampp\htdocs\opencart\system\library\mail.php on line 164
2016-07-18 5:26:01 - PHP Warning:  mail(): Failed to connect to mailserver at &quot;localhost&quot; port 25, verify your &quot;SMTP&quot; and &quot;smtp_port&quot; setting in php.ini or use ini_set() in D:\xampp\htdocs\opencart\system\library\mail.php on line 164
2016-07-18 7:44:01 - PHP Warning:  mail(): Failed to connect to mailserver at &quot;localhost&quot; port 25, verify your &quot;SMTP&quot; and &quot;smtp_port&quot; setting in php.ini or use ini_set() in D:\xampp\htdocs\opencart\system\library\mail.php on line 164
2016-07-18 7:44:02 - PHP Warning:  mail(): Failed to connect to mailserver at &quot;localhost&quot; port 25, verify your &quot;SMTP&quot; and &quot;smtp_port&quot; setting in php.ini or use ini_set() in D:\xampp\htdocs\opencart\system\library\mail.php on line 164
2016-07-18 7:48:38 - PHP Notice:  Undefined index: address_1 in D:\xampp\htdocs\opencart\catalog\controller\checkout\guest.php on line 215
2016-07-18 7:48:38 - PHP Notice:  Undefined index: city in D:\xampp\htdocs\opencart\catalog\controller\checkout\guest.php on line 219
2016-07-18 7:48:38 - PHP Notice:  Undefined index: country_id in D:\xampp\htdocs\opencart\catalog\controller\checkout\guest.php on line 225
2016-07-18 7:48:38 - PHP Notice:  Undefined index: country_id in D:\xampp\htdocs\opencart\catalog\controller\checkout\guest.php on line 231
2016-07-18 7:48:38 - PHP Notice:  Undefined index: captcha in D:\xampp\htdocs\opencart\catalog\controller\captcha\basic_captcha.php on line 28
2016-07-18 8:18:14 - PHP Warning:  mail(): Failed to connect to mailserver at &quot;localhost&quot; port 25, verify your &quot;SMTP&quot; and &quot;smtp_port&quot; setting in php.ini or use ini_set() in D:\xampp\htdocs\opencart\system\library\mail.php on line 164
2016-07-18 8:18:15 - PHP Warning:  mail(): Failed to connect to mailserver at &quot;localhost&quot; port 25, verify your &quot;SMTP&quot; and &quot;smtp_port&quot; setting in php.ini or use ini_set() in D:\xampp\htdocs\opencart\system\library\mail.php on line 164
2016-07-18 10:42:52 - PHP Warning:  mail(): Failed to connect to mailserver at &quot;localhost&quot; port 25, verify your &quot;SMTP&quot; and &quot;smtp_port&quot; setting in php.ini or use ini_set() in D:\xampp\htdocs\opencart\system\library\mail.php on line 164
2016-07-18 10:42:54 - PHP Warning:  mail(): Failed to connect to mailserver at &quot;localhost&quot; port 25, verify your &quot;SMTP&quot; and &quot;smtp_port&quot; setting in php.ini or use ini_set() in D:\xampp\htdocs\opencart\system\library\mail.php on line 164
2016-07-18 10:49:37 - PHP Warning:  mail(): Failed to connect to mailserver at &quot;localhost&quot; port 25, verify your &quot;SMTP&quot; and &quot;smtp_port&quot; setting in php.ini or use ini_set() in D:\xampp\htdocs\opencart\system\library\mail.php on line 164
2016-07-18 10:49:38 - PHP Warning:  mail(): Failed to connect to mailserver at &quot;localhost&quot; port 25, verify your &quot;SMTP&quot; and &quot;smtp_port&quot; setting in php.ini or use ini_set() in D:\xampp\htdocs\opencart\system\library\mail.php on line 164
2016-07-18 11:30:47 - PHP Notice:  Undefined index: captcha in D:\xampp\htdocs\opencart\catalog\controller\captcha\basic_captcha.php on line 28
2016-07-18 11:35:03 - PHP Warning:  mail(): Failed to connect to mailserver at &quot;localhost&quot; port 25, verify your &quot;SMTP&quot; and &quot;smtp_port&quot; setting in php.ini or use ini_set() in D:\xampp\htdocs\opencart\system\library\mail.php on line 164
2016-07-18 11:35:04 - PHP Warning:  mail(): Failed to connect to mailserver at &quot;localhost&quot; port 25, verify your &quot;SMTP&quot; and &quot;smtp_port&quot; setting in php.ini or use ini_set() in D:\xampp\htdocs\opencart\system\library\mail.php on line 164
2016-07-18 11:39:45 - PHP Warning:  mail(): Failed to connect to mailserver at &quot;localhost&quot; port 25, verify your &quot;SMTP&quot; and &quot;smtp_port&quot; setting in php.ini or use ini_set() in D:\xampp\htdocs\opencart\system\library\mail.php on line 164
2016-07-18 11:39:46 - PHP Warning:  mail(): Failed to connect to mailserver at &quot;localhost&quot; port 25, verify your &quot;SMTP&quot; and &quot;smtp_port&quot; setting in php.ini or use ini_set() in D:\xampp\htdocs\opencart\system\library\mail.php on line 164
2016-07-19 5:27:15 - PHP Warning:  mail(): Failed to connect to mailserver at &quot;localhost&quot; port 25, verify your &quot;SMTP&quot; and &quot;smtp_port&quot; setting in php.ini or use ini_set() in D:\xampp\htdocs\opencart\system\library\mail.php on line 164
2016-07-19 5:43:17 - PHP Warning:  mail(): Failed to connect to mailserver at &quot;localhost&quot; port 25, verify your &quot;SMTP&quot; and &quot;smtp_port&quot; setting in php.ini or use ini_set() in D:\xampp\htdocs\opencart\system\library\mail.php on line 164
2016-07-19 8:11:06 - PHP Warning:  mail(): Failed to connect to mailserver at &quot;localhost&quot; port 25, verify your &quot;SMTP&quot; and &quot;smtp_port&quot; setting in php.ini or use ini_set() in D:\xampp\htdocs\opencart\system\library\mail.php on line 164
2016-07-19 8:20:01 - PHP Warning:  mail(): Failed to connect to mailserver at &quot;localhost&quot; port 25, verify your &quot;SMTP&quot; and &quot;smtp_port&quot; setting in php.ini or use ini_set() in D:\xampp\htdocs\opencart\system\library\mail.php on line 164
2016-07-19 8:20:02 - PHP Warning:  mail(): Failed to connect to mailserver at &quot;localhost&quot; port 25, verify your &quot;SMTP&quot; and &quot;smtp_port&quot; setting in php.ini or use ini_set() in D:\xampp\htdocs\opencart\system\library\mail.php on line 164
2016-07-19 8:23:37 - PHP Warning:  mail(): Failed to connect to mailserver at &quot;localhost&quot; port 25, verify your &quot;SMTP&quot; and &quot;smtp_port&quot; setting in php.ini or use ini_set() in D:\xampp\htdocs\opencart\system\library\mail.php on line 164
2016-07-19 8:23:38 - PHP Warning:  mail(): Failed to connect to mailserver at &quot;localhost&quot; port 25, verify your &quot;SMTP&quot; and &quot;smtp_port&quot; setting in php.ini or use ini_set() in D:\xampp\htdocs\opencart\system\library\mail.php on line 164
2016-07-19 8:27:44 - PHP Warning:  mail(): Failed to connect to mailserver at &quot;localhost&quot; port 25, verify your &quot;SMTP&quot; and &quot;smtp_port&quot; setting in php.ini or use ini_set() in D:\xampp\htdocs\opencart\system\library\mail.php on line 164
2016-07-19 8:27:45 - PHP Warning:  mail(): Failed to connect to mailserver at &quot;localhost&quot; port 25, verify your &quot;SMTP&quot; and &quot;smtp_port&quot; setting in php.ini or use ini_set() in D:\xampp\htdocs\opencart\system\library\mail.php on line 164
2016-07-19 10:44:47 - PHP Warning:  mail(): Failed to connect to mailserver at &quot;localhost&quot; port 25, verify your &quot;SMTP&quot; and &quot;smtp_port&quot; setting in php.ini or use ini_set() in D:\xampp\htdocs\opencart\system\library\mail.php on line 164
2016-07-19 10:44:48 - PHP Warning:  mail(): Failed to connect to mailserver at &quot;localhost&quot; port 25, verify your &quot;SMTP&quot; and &quot;smtp_port&quot; setting in php.ini or use ini_set() in D:\xampp\htdocs\opencart\system\library\mail.php on line 164
2016-07-19 14:08:02 - PHP Warning:  mail(): Failed to connect to mailserver at &quot;localhost&quot; port 25, verify your &quot;SMTP&quot; and &quot;smtp_port&quot; setting in php.ini or use ini_set() in D:\xampp\htdocs\opencart\system\library\mail.php on line 164
2016-07-19 14:08:03 - PHP Warning:  mail(): Failed to connect to mailserver at &quot;localhost&quot; port 25, verify your &quot;SMTP&quot; and &quot;smtp_port&quot; setting in php.ini or use ini_set() in D:\xampp\htdocs\opencart\system\library\mail.php on line 164
2016-07-20 11:33:43 - PHP Warning:  mail(): Failed to connect to mailserver at &quot;localhost&quot; port 25, verify your &quot;SMTP&quot; and &quot;smtp_port&quot; setting in php.ini or use ini_set() in D:\xampp\htdocs\opencart\system\library\mail.php on line 164
2016-07-20 11:53:06 - PHP Warning:  mail(): Failed to connect to mailserver at &quot;localhost&quot; port 25, verify your &quot;SMTP&quot; and &quot;smtp_port&quot; setting in php.ini or use ini_set() in D:\xampp\htdocs\opencart\system\library\mail.php on line 164
2016-07-20 11:56:48 - PHP Warning:  mail(): Failed to connect to mailserver at &quot;localhost&quot; port 25, verify your &quot;SMTP&quot; and &quot;smtp_port&quot; setting in php.ini or use ini_set() in D:\xampp\htdocs\opencart\system\library\mail.php on line 164
2016-07-20 12:14:42 - PHP Notice:  Undefined index: email in D:\xampp\htdocs\opencart\catalog\controller\information\contact.php on line 170
2016-07-20 12:14:42 - PHP Notice:  Undefined index: enquiry in D:\xampp\htdocs\opencart\catalog\controller\information\contact.php on line 174
2016-07-20 12:24:53 - PHP Notice:  Undefined index: email in D:\xampp\htdocs\opencart\catalog\controller\information\contact.php on line 170
2016-07-20 12:54:35 - PHP Notice:  Undefined index: email in D:\xampp\htdocs\opencart\catalog\controller\information\contact.php on line 170
2016-07-20 12:55:12 - PHP Warning:  mail(): Failed to connect to mailserver at &quot;localhost&quot; port 25, verify your &quot;SMTP&quot; and &quot;smtp_port&quot; setting in php.ini or use ini_set() in D:\xampp\htdocs\opencart\system\library\mail.php on line 164
2016-07-21 7:29:34 - PHP Warning:  mail(): Failed to connect to mailserver at &quot;localhost&quot; port 25, verify your &quot;SMTP&quot; and &quot;smtp_port&quot; setting in php.ini or use ini_set() in D:\xampp\htdocs\opencart\system\library\mail.php on line 164
2016-07-21 7:29:35 - PHP Warning:  mail(): Failed to connect to mailserver at &quot;localhost&quot; port 25, verify your &quot;SMTP&quot; and &quot;smtp_port&quot; setting in php.ini or use ini_set() in D:\xampp\htdocs\opencart\system\library\mail.php on line 164
2016-07-21 7:34:37 - PHP Warning:  mail(): Failed to connect to mailserver at &quot;localhost&quot; port 25, verify your &quot;SMTP&quot; and &quot;smtp_port&quot; setting in php.ini or use ini_set() in D:\xampp\htdocs\opencart\system\library\mail.php on line 164
2016-07-21 7:34:38 - PHP Warning:  mail(): Failed to connect to mailserver at &quot;localhost&quot; port 25, verify your &quot;SMTP&quot; and &quot;smtp_port&quot; setting in php.ini or use ini_set() in D:\xampp\htdocs\opencart\system\library\mail.php on line 164
2016-07-22 5:42:09 - PHP Warning:  mail(): Failed to connect to mailserver at &quot;localhost&quot; port 25, verify your &quot;SMTP&quot; and &quot;smtp_port&quot; setting in php.ini or use ini_set() in D:\xampp\htdocs\opencart\system\library\mail.php on line 164
2016-07-22 5:42:10 - PHP Warning:  mail(): Failed to connect to mailserver at &quot;localhost&quot; port 25, verify your &quot;SMTP&quot; and &quot;smtp_port&quot; setting in php.ini or use ini_set() in D:\xampp\htdocs\opencart\system\library\mail.php on line 164
2016-07-25 6:01:18 - PHP Warning:  mail(): Failed to connect to mailserver at &quot;localhost&quot; port 25, verify your &quot;SMTP&quot; and &quot;smtp_port&quot; setting in php.ini or use ini_set() in D:\xampp\htdocs\opencart\system\library\mail.php on line 164
2016-07-25 6:01:19 - PHP Warning:  mail(): Failed to connect to mailserver at &quot;localhost&quot; port 25, verify your &quot;SMTP&quot; and &quot;smtp_port&quot; setting in php.ini or use ini_set() in D:\xampp\htdocs\opencart\system\library\mail.php on line 164
