2016-09-23 6:16:38 - MOD: Modification Default
FILE: system/engine/action.php
REGEX: ~(require|include)(_once)?\(([^)]+)~
LINE: 39
FILE: system/engine/loader.php
REGEX: ~(require|include)(_once)?\(([^)]+)~
LINE: 20
LINE: 59
LINE: 80
LINE: 99
FILE: system/library/config.php
REGEX: ~(require|include)(_once)?\(([^)]+)~
LINE: 23
FILE: system/library/language.php
REGEX: ~(require|include)(_once)?\(([^)]+)~
LINE: 25
LINE: 31
----------------------------------------------------------------
2016-09-23 6:17:22 - MOD: Modification Default
FILE: system/engine/action.php
REGEX: ~(require|include)(_once)?\(([^)]+)~
LINE: 39
FILE: system/engine/loader.php
REGEX: ~(require|include)(_once)?\(([^)]+)~
LINE: 20
LINE: 59
LINE: 80
LINE: 99
FILE: system/library/config.php
REGEX: ~(require|include)(_once)?\(([^)]+)~
LINE: 23
FILE: system/library/language.php
REGEX: ~(require|include)(_once)?\(([^)]+)~
LINE: 25
LINE: 31
----------------------------------------------------------------
MOD: Fix Filter Opencart 2.x
FILE: catalog/model/catalog/product.php
CODE: $sql .= " AND pf.filter_id IN (" . implode(',', $implode) . ")";
LINE: 129
LINE: 506
CODE: $sql .= " AND p.manufacturer_id = '" . (int)$data['filter_manufacturer_id'] . "'";
LINE: 186
LINE: 573
----------------------------------------------------------------
2016-09-23 6:18:52 - MOD: Modification Default
FILE: system/engine/action.php
REGEX: ~(require|include)(_once)?\(([^)]+)~
LINE: 39
FILE: system/engine/loader.php
REGEX: ~(require|include)(_once)?\(([^)]+)~
LINE: 20
LINE: 59
LINE: 80
LINE: 99
FILE: system/library/config.php
REGEX: ~(require|include)(_once)?\(([^)]+)~
LINE: 23
FILE: system/library/language.php
REGEX: ~(require|include)(_once)?\(([^)]+)~
LINE: 25
LINE: 31
----------------------------------------------------------------
MOD: Fix Filter Opencart 2.x
FILE: catalog/model/catalog/product.php
CODE: $sql .= " AND pf.filter_id IN (" . implode(',', $implode) . ")";
LINE: 129
LINE: 506
CODE: $sql .= " AND p.manufacturer_id = '" . (int)$data['filter_manufacturer_id'] . "'";
LINE: 186
LINE: 573
----------------------------------------------------------------
2016-09-23 6:18:56 - MOD: Modification Default
FILE: system/engine/action.php
REGEX: ~(require|include)(_once)?\(([^)]+)~
LINE: 39
FILE: system/engine/loader.php
REGEX: ~(require|include)(_once)?\(([^)]+)~
LINE: 20
LINE: 59
LINE: 80
LINE: 99
FILE: system/library/config.php
REGEX: ~(require|include)(_once)?\(([^)]+)~
LINE: 23
FILE: system/library/language.php
REGEX: ~(require|include)(_once)?\(([^)]+)~
LINE: 25
LINE: 31
----------------------------------------------------------------
MOD: Fix Filter Opencart 2.x
FILE: catalog/model/catalog/product.php
CODE: $sql .= " AND pf.filter_id IN (" . implode(',', $implode) . ")";
LINE: 129
LINE: 506
CODE: $sql .= " AND p.manufacturer_id = '" . (int)$data['filter_manufacturer_id'] . "'";
LINE: 186
LINE: 573
----------------------------------------------------------------
2016-09-23 6:25:36 - MOD: Modification Default
FILE: system/engine/action.php
REGEX: ~(require|include)(_once)?\(([^)]+)~
LINE: 39
FILE: system/engine/loader.php
REGEX: ~(require|include)(_once)?\(([^)]+)~
LINE: 20
LINE: 59
LINE: 80
LINE: 99
FILE: system/library/config.php
REGEX: ~(require|include)(_once)?\(([^)]+)~
LINE: 23
FILE: system/library/language.php
REGEX: ~(require|include)(_once)?\(([^)]+)~
LINE: 25
LINE: 31
----------------------------------------------------------------
2016-09-23 6:25:53 - MOD: Modification Default
FILE: system/engine/action.php
REGEX: ~(require|include)(_once)?\(([^)]+)~
LINE: 39
FILE: system/engine/loader.php
REGEX: ~(require|include)(_once)?\(([^)]+)~
LINE: 20
LINE: 59
LINE: 80
LINE: 99
FILE: system/library/config.php
REGEX: ~(require|include)(_once)?\(([^)]+)~
LINE: 23
FILE: system/library/language.php
REGEX: ~(require|include)(_once)?\(([^)]+)~
LINE: 25
LINE: 31
----------------------------------------------------------------
MOD: Fix Filter Opencart 2.x
FILE: catalog/model/catalog/product.php
CODE: $sql .= " AND pf.filter_id IN (" . implode(',', $implode) . ")";
LINE: 129
LINE: 506
CODE: $sql .= " AND p.manufacturer_id = '" . (int)$data['filter_manufacturer_id'] . "'";
LINE: 186
LINE: 573
----------------------------------------------------------------
2016-09-23 6:26:19 - MOD: Modification Default
FILE: system/engine/action.php
REGEX: ~(require|include)(_once)?\(([^)]+)~
LINE: 39
FILE: system/engine/loader.php
REGEX: ~(require|include)(_once)?\(([^)]+)~
LINE: 20
LINE: 59
LINE: 80
LINE: 99
FILE: system/library/config.php
REGEX: ~(require|include)(_once)?\(([^)]+)~
LINE: 23
FILE: system/library/language.php
REGEX: ~(require|include)(_once)?\(([^)]+)~
LINE: 25
LINE: 31
----------------------------------------------------------------
MOD: Fix Filter Opencart 2.x
FILE: catalog/model/catalog/product.php
CODE: $sql .= " AND pf.filter_id IN (" . implode(',', $implode) . ")";
LINE: 129
LINE: 506
CODE: $sql .= " AND p.manufacturer_id = '" . (int)$data['filter_manufacturer_id'] . "'";
LINE: 186
LINE: 573
----------------------------------------------------------------
